2025-05-14 17:32:20,173 - SocialMediaPoster - ERROR - Failed to initialize Reddit client: Required configuration setting 'client_id' missing. 
This setting can be provided in a praw.ini file, as a keyword argument to the Reddit class constructor, or as an environment variable.
2025-05-14 17:32:21,441 - instabot version: 0.117.0 - INFO - Instabot version: 0.117.0 Started
2025-05-14 17:32:21,455 - instabot version: 0.117.0 - DEBUG - Bot imported from C:\Users\ciara\AppData\Roaming\Python\Python312\site-packages\instabot\bot\bot.py
2025-05-14 18:41:05,424 - instabot version: 0.117.0 - INFO - Not yet logged in starting: PRE-LOGIN FLOW!
2025-05-14 18:41:06,891 - instabot version: 0.117.0 - DEBUG - POST to endpoint: accounts/get_prefill_candidates/ returned response: <Response [200]>
2025-05-14 18:41:08,007 - instabot version: 0.117.0 - DEBUG - POST to endpoint: qe/sync/ returned response: <Response [200]>
2025-05-14 18:41:09,070 - instabot version: 0.117.0 - DEBUG - POST to endpoint: launcher/sync/ returned response: <Response [200]>
2025-05-14 18:41:10,229 - instabot version: 0.117.0 - DEBUG - POST to endpoint: accounts/contact_point_prefill/ returned response: <Response [200]>
2025-05-14 18:41:11,925 - instabot version: 0.117.0 - DEBUG - POST to endpoint: accounts/login/ returned response: <Response [400]>
2025-05-14 18:41:11,928 - instabot version: 0.117.0 - DEBUG - Responsecode indicates error; response content: b'{"message":"You\'ll need to update Instagram to the latest version before you can use the app.","status":"fail","error_type":"block_eu_user_login_in_old_app"}'
2025-05-14 18:41:11,949 - instabot version: 0.117.0 - ERROR - Request returns 400 error!
2025-05-14 18:41:11,969 - instabot version: 0.117.0 - INFO - Instagram's error message: You'll need to update Instagram to the latest version before you can use the app.
2025-05-14 18:41:11,985 - instabot version: 0.117.0 - INFO - Error type: block_eu_user_login_in_old_app
2025-05-14 18:41:11,994 - instabot version: 0.117.0 - ERROR - Failed to login go to instagram and change your password
2025-05-14 18:41:12,015 - instabot version: 0.117.0 - INFO - Username or password is incorrect.
2025-05-14 18:42:19,283 - SocialMediaPoster - ERROR - Failed to initialize Reddit client: Required configuration setting 'client_id' missing. 
This setting can be provided in a praw.ini file, as a keyword argument to the Reddit class constructor, or as an environment variable.
2025-05-14 18:42:19,408 - instabot version: 0.117.0 - INFO - Instabot version: 0.117.0 Started
2025-05-14 18:42:19,411 - instabot version: 0.117.0 - DEBUG - Bot imported from C:\Users\ciara\AppData\Roaming\Python\Python312\site-packages\instabot\bot\bot.py
2025-05-14 18:42:39,345 - instabot version: 0.117.0 - INFO - Not yet logged in starting: PRE-LOGIN FLOW!
2025-05-14 18:42:43,187 - instabot version: 0.117.0 - DEBUG - POST to endpoint: accounts/get_prefill_candidates/ returned response: <Response [200]>
2025-05-14 18:42:46,042 - instabot version: 0.117.0 - DEBUG - POST to endpoint: qe/sync/ returned response: <Response [200]>
2025-05-14 18:42:46,683 - instabot version: 0.117.0 - DEBUG - POST to endpoint: launcher/sync/ returned response: <Response [200]>
2025-05-14 18:42:47,272 - instabot version: 0.117.0 - DEBUG - POST to endpoint: accounts/contact_point_prefill/ returned response: <Response [200]>
2025-05-14 18:42:48,337 - instabot version: 0.117.0 - DEBUG - POST to endpoint: accounts/login/ returned response: <Response [400]>
2025-05-14 18:42:48,340 - instabot version: 0.117.0 - DEBUG - Responsecode indicates error; response content: b'{"message":"You\'ll need to update Instagram to the latest version before you can use the app.","status":"fail","error_type":"block_eu_user_login_in_old_app"}'
2025-05-14 18:42:48,353 - instabot version: 0.117.0 - ERROR - Request returns 400 error!
2025-05-14 18:42:48,365 - instabot version: 0.117.0 - INFO - Instagram's error message: You'll need to update Instagram to the latest version before you can use the app.
2025-05-14 18:42:48,375 - instabot version: 0.117.0 - INFO - Error type: block_eu_user_login_in_old_app
2025-05-14 18:42:48,391 - instabot version: 0.117.0 - ERROR - Failed to login go to instagram and change your password
2025-05-14 18:42:48,410 - instabot version: 0.117.0 - INFO - Username or password is incorrect.
2025-05-14 18:43:00,202 - SocialMediaPoster - ERROR - Failed to initialize Reddit client: Required configuration setting 'client_id' missing. 
This setting can be provided in a praw.ini file, as a keyword argument to the Reddit class constructor, or as an environment variable.
2025-05-14 18:43:00,321 - instabot version: 0.117.0 - INFO - Instabot version: 0.117.0 Started
2025-05-14 18:43:00,323 - instabot version: 0.117.0 - DEBUG - Bot imported from C:\Users\ciara\AppData\Roaming\Python\Python312\site-packages\instabot\bot\bot.py
2025-05-14 18:49:25,883 - instabot version: 0.117.0 - INFO - Not yet logged in starting: PRE-LOGIN FLOW!
2025-05-14 18:49:26,439 - instabot version: 0.117.0 - DEBUG - POST to endpoint: accounts/get_prefill_candidates/ returned response: <Response [200]>
2025-05-14 18:49:27,069 - instabot version: 0.117.0 - DEBUG - POST to endpoint: qe/sync/ returned response: <Response [200]>
2025-05-14 18:49:27,672 - instabot version: 0.117.0 - DEBUG - POST to endpoint: launcher/sync/ returned response: <Response [200]>
2025-05-14 18:49:28,213 - instabot version: 0.117.0 - DEBUG - POST to endpoint: accounts/contact_point_prefill/ returned response: <Response [200]>
2025-05-14 18:49:29,457 - instabot version: 0.117.0 - DEBUG - POST to endpoint: accounts/login/ returned response: <Response [400]>
2025-05-14 18:49:29,462 - instabot version: 0.117.0 - DEBUG - Responsecode indicates error; response content: b'{"message":"You\'ll need to update Instagram to the latest version before you can use the app.","status":"fail","error_type":"block_eu_user_login_in_old_app"}'
2025-05-14 18:49:29,476 - instabot version: 0.117.0 - ERROR - Request returns 400 error!
2025-05-14 18:49:29,487 - instabot version: 0.117.0 - INFO - Instagram's error message: You'll need to update Instagram to the latest version before you can use the app.
2025-05-14 18:49:29,504 - instabot version: 0.117.0 - INFO - Error type: block_eu_user_login_in_old_app
2025-05-14 18:49:29,515 - instabot version: 0.117.0 - ERROR - Failed to login go to instagram and change your password
2025-05-14 18:49:29,524 - instabot version: 0.117.0 - INFO - Username or password is incorrect.
2025-05-14 18:49:41,692 - SocialMediaPoster - ERROR - Failed to initialize Reddit client: Required configuration setting 'client_id' missing. 
This setting can be provided in a praw.ini file, as a keyword argument to the Reddit class constructor, or as an environment variable.
2025-05-14 18:49:41,804 - instabot version: 0.117.0 - INFO - Instabot version: 0.117.0 Started
2025-05-14 18:49:41,805 - instabot version: 0.117.0 - DEBUG - Bot imported from C:\Users\ciara\AppData\Roaming\Python\Python312\site-packages\instabot\bot\bot.py
2025-05-14 18:50:19,879 - instabot version: 0.117.0 - INFO - Not yet logged in starting: PRE-LOGIN FLOW!
2025-05-14 18:50:20,404 - instabot version: 0.117.0 - DEBUG - POST to endpoint: accounts/get_prefill_candidates/ returned response: <Response [200]>
2025-05-14 18:50:20,932 - instabot version: 0.117.0 - DEBUG - POST to endpoint: qe/sync/ returned response: <Response [200]>
2025-05-14 18:50:21,489 - instabot version: 0.117.0 - DEBUG - POST to endpoint: launcher/sync/ returned response: <Response [200]>
2025-05-14 18:50:22,193 - instabot version: 0.117.0 - DEBUG - POST to endpoint: accounts/contact_point_prefill/ returned response: <Response [200]>
2025-05-14 18:50:23,291 - instabot version: 0.117.0 - DEBUG - POST to endpoint: accounts/login/ returned response: <Response [400]>
2025-05-14 18:50:23,293 - instabot version: 0.117.0 - DEBUG - Responsecode indicates error; response content: b'{"message":"You\'ll need to update Instagram to the latest version before you can use the app.","status":"fail","error_type":"block_eu_user_login_in_old_app"}'
2025-05-14 18:50:23,307 - instabot version: 0.117.0 - ERROR - Request returns 400 error!
2025-05-14 18:50:23,316 - instabot version: 0.117.0 - INFO - Instagram's error message: You'll need to update Instagram to the latest version before you can use the app.
2025-05-14 18:50:23,326 - instabot version: 0.117.0 - INFO - Error type: block_eu_user_login_in_old_app
2025-05-14 18:50:23,342 - instabot version: 0.117.0 - ERROR - Failed to login go to instagram and change your password
2025-05-14 18:50:23,351 - instabot version: 0.117.0 - INFO - Username or password is incorrect.
