RAW INPUT: 
RAW INPUT: {"username": "test008", "password": "test008", "api_key": "1RFxhYueYjebjUxz5z60nMSNB0R-j4b_ldleu_T2X_I"}
RAW INPUT: {"username": "test008", "password": "test008", "api_key": "1RFxhYueYjebjUxz5z60nMSNB0R-j4b_ldleu_T2X_I"}
RAW INPUT: {"username": "test008", "password": "test008", "api_key": "1RFxhYueYjebjUxz5z60nMSNB0R-j4b_ldleu_T2X_I"}
RAW INPUT: {"username": "test008", "password": "test008", "api_key": "1RFxhYueYjebjUxz5z60nMSNB0R-j4b_ldleu_T2X_I"}
RAW INPUT: {"username": "test008", "password": "test008", "api_key": "1RFxhYueYjebjUxz5z60nMSNB0R-j4b_ldleu_T2X_I"}
RAW INPUT: {"username": "test008", "password": "test008", "api_key": "1RFxhYueYjebjUxz5z60nMSNB0R-j4b_ldleu_T2X_I"}
RAW INPUT: {"username": "test008", "password": "test008", "api_key": "1RFxhYueYjebjUxz5z60nMSNB0R-j4b_ldleu_T2X_I"}
RAW INPUT: {"username": "test008", "password": "test008", "api_key": "1RFxhYueYjebjUxz5z60nMSNB0R-j4b_ldleu_T2X_I"}
RAW INPUT: {"username": "test008", "password": "test008", "api_key": "1RFxhYueYjebjUxz5z60nMSNB0R-j4b_ldleu_T2X_I"}
RAW INPUT: {"username": "test008", "password": "test008", "api_key": "1RFxhYueYjebjUxz5z60nMSNB0R-j4b_ldleu_T2X_I"}
RAW INPUT: {"username": "test008", "password": "test008", "api_key": "1RFxhYueYjebjUxz5z60nMSNB0R-j4b_ldleu_T2X_I"}
RAW INPUT: {"username": "test005", "password": "test005", "api_key": "1RFxhYueYjebjUxz5z60nMSNB0R-j4b_ldleu_T2X_I"}
RAW INPUT: {"username": "test007", "password": "test007", "api_key": "1RFxhYueYjebjUxz5z60nMSNB0R-j4b_ldleu_T2X_I"}
RAW INPUT: {"username": "ddwztc", "password": "ewlwqh", "api_key": "1RFxhYueYjebjUxz5z60nMSNB0R-j4b_ldleu_T2X_I"}
RAW INPUT: {"username": "ddwztc", "password": "ewlwqh", "api_key": "1RFxhYueYjebjUxz5z60nMSNB0R-j4b_ldleu_T2X_I"}
RAW INPUT: {"username": "jytiul", "password": "ewlwqh", "api_key": "1RFxhYueYjebjUxz5z60nMSNB0R-j4b_ldleu_T2X_I"}
RAW INPUT: {"username": "jytiul", "password": "ewlwqh", "api_key": "1RFxhYueYjebjUxz5z60nMSNB0R-j4b_ldleu_T2X_I"}
RAW INPUT: {"username": "zjnnnq", "password": "ewlwqh", "api_key": "1RFxhYueYjebjUxz5z60nMSNB0R-j4b_ldleu_T2X_I"}
RAW INPUT: {"username": "zjnnnq", "password": "ewlwqh", "api_key": "1RFxhYueYjebjUxz5z60nMSNB0R-j4b_ldleu_T2X_I"}
RAW INPUT: {"username": "gqyodh", "password": "ewlwqh", "api_key": "1RFxhYueYjebjUxz5z60nMSNB0R-j4b_ldleu_T2X_I"}
RAW INPUT: {"username": "gqyodh", "password": "ewlwqh", "api_key": "1RFxhYueYjebjUxz5z60nMSNB0R-j4b_ldleu_T2X_I"}
RAW INPUT: {"username": "cqygug", "password": "ewlwqh", "api_key": "1RFxhYueYjebjUxz5z60nMSNB0R-j4b_ldleu_T2X_I"}
RAW INPUT: {"username": "cqygug", "password": "ewlwqh", "api_key": "1RFxhYueYjebjUxz5z60nMSNB0R-j4b_ldleu_T2X_I"}
RAW INPUT: {"username": "cqygug", "password": "ewlwqh", "api_key": "1RFxhYueYjebjUxz5z60nMSNB0R-j4b_ldleu_T2X_I"}
RAW INPUT: {"username": "yijyoq", "password": "ewlwqh", "api_key": "1RFxhYueYjebjUxz5z60nMSNB0R-j4b_ldleu_T2X_I"}
RAW INPUT: {"username": "yijyoq", "password": "ewlwqh", "api_key": "1RFxhYueYjebjUxz5z60nMSNB0R-j4b_ldleu_T2X_I"}
RAW INPUT: {"username": "yijyoq", "password": "ewlwqh", "api_key": "1RFxhYueYjebjUxz5z60nMSNB0R-j4b_ldleu_T2X_I"}
RAW INPUT: {"username": "yijyoq", "password": "zlbbam", "api_key": "1RFxhYueYjebjUxz5z60nMSNB0R-j4b_ldleu_T2X_I"}
RAW INPUT: {"username": "dssarx", "password": "zlbbam", "api_key": "1RFxhYueYjebjUxz5z60nMSNB0R-j4b_ldleu_T2X_I"}
RAW INPUT: {"username": "dssarx", "password": "zlbbam", "api_key": "1RFxhYueYjebjUxz5z60nMSNB0R-j4b_ldleu_T2X_I"}
RAW INPUT: {"username": "xkslhn", "password": "zlbbam", "api_key": "1RFxhYueYjebjUxz5z60nMSNB0R-j4b_ldleu_T2X_I"}
RAW INPUT: {"username": "xkslhn", "password": "zlbbam", "api_key": "1RFxhYueYjebjUxz5z60nMSNB0R-j4b_ldleu_T2X_I"}
RAW INPUT: {"username": "xkslhn", "password": "zlbbam", "api_key": "1RFxhYueYjebjUxz5z60nMSNB0R-j4b_ldleu_T2X_I"}
RAW INPUT: {"username": "xkslhn", "password": "edqowu", "api_key": "1RFxhYueYjebjUxz5z60nMSNB0R-j4b_ldleu_T2X_I"}
RAW INPUT: {"username": "xkslhn", "password": "edqowu", "api_key": "1RFxhYueYjebjUxz5z60nMSNB0R-j4b_ldleu_T2X_I"}
RAW INPUT: {"username": "pzxoim", "password": "edqowu", "api_key": "1RFxhYueYjebjUxz5z60nMSNB0R-j4b_ldleu_T2X_I"}
RAW INPUT: {"username": "pzxoim", "password": "edqowu", "api_key": "1RFxhYueYjebjUxz5z60nMSNB0R-j4b_ldleu_T2X_I"}
RAW INPUT: {"username": "pzxoim", "password": "edqowu", "api_key": "1RFxhYueYjebjUxz5z60nMSNB0R-j4b_ldleu_T2X_I"}
RAW INPUT: {"username": "test008", "password": "test008", "api_key": "1RFxhYueYjebjUxz5z60nMSNB0R-j4b_ldleu_T2X_I"}
RAW INPUT: {"username": "test005", "password": "test005", "api_key": "1RFxhYueYjebjUxz5z60nMSNB0R-j4b_ldleu_T2X_I"}
RAW INPUT: {"username": "test005", "password": "test006", "api_key": "1RFxhYueYjebjUxz5z60nMSNB0R-j4b_ldleu_T2X_I"}
RAW INPUT: {"username": "CDoyle", "password": "Cn18012009", "api_key": "1RFxhYueYjebjUxz5z60nMSNB0R-j4b_ldleu_T2X_I"}
RAW INPUT: {"username": "test008", "password": "test008", "api_key": "1RFxhYueYjebjUxz5z60nMSNB0R-j4b_ldleu_T2X_I"}
RAW INPUT: {"username": "test005", "password": "test005", "api_key": "1RFxhYueYjebjUxz5z60nMSNB0R-j4b_ldleu_T2X_I"}
RAW INPUT: {"username": "test005", "password": "test005", "api_key": "1RFxhYueYjebjUxz5z60nMSNB0R-j4b_ldleu_T2X_I"}
RAW INPUT: {"username": "test005", "password": "test005", "api_key": "1RFxhYueYjebjUxz5z60nMSNB0R-j4b_ldleu_T2X_I"}
RAW INPUT: {"username": "test005", "password": "test005", "api_key": "1RFxhYueYjebjUxz5z60nMSNB0R-j4b_ldleu_T2X_I"}
RAW INPUT: {"username": "test005", "password": "test005", "api_key": "1RFxhYueYjebjUxz5z60nMSNB0R-j4b_ldleu_T2X_I"}
RAW INPUT: {"username": "test008", "password": "test005", "api_key": "1RFxhYueYjebjUxz5z60nMSNB0R-j4b_ldleu_T2X_I"}
RAW INPUT: {"username": "test008", "password": "test005", "api_key": "1RFxhYueYjebjUxz5z60nMSNB0R-j4b_ldleu_T2X_I"}
RAW INPUT: {"username": "test008", "password": "test008", "api_key": "1RFxhYueYjebjUxz5z60nMSNB0R-j4b_ldleu_T2X_I"}
RAW INPUT: {"username": "test007", "password": "test007", "api_key": "1RFxhYueYjebjUxz5z60nMSNB0R-j4b_ldleu_T2X_I"}
RAW INPUT: {"username": "admin", "password": "Cn18012009", "api_key": "1RFxhYueYjebjUxz5z60nMSNB0R-j4b_ldleu_T2X_I"}
RAW INPUT: {"username": "admin", "password": "Cn18012009!", "api_key": "1RFxhYueYjebjUxz5z60nMSNB0R-j4b_ldleu_T2X_I"}
RAW INPUT: {"username": "Test005", "password": "test005", "api_key": "1RFxhYueYjebjUxz5z60nMSNB0R-j4b_ldleu_T2X_I"}
RAW INPUT: {"username": "Test008", "password": "test005", "api_key": "1RFxhYueYjebjUxz5z60nMSNB0R-j4b_ldleu_T2X_I"}
RAW INPUT: {"username": "Test008", "password": "test008", "api_key": "1RFxhYueYjebjUxz5z60nMSNB0R-j4b_ldleu_T2X_I"}
RAW INPUT: {"username": "Test007", "password": "test007", "api_key": "1RFxhYueYjebjUxz5z60nMSNB0R-j4b_ldleu_T2X_I"}
RAW INPUT: {"username": "Test007", "password": "test007", "api_key": "1RFxhYueYjebjUxz5z60nMSNB0R-j4b_ldleu_T2X_I"}
RAW INPUT: {"username": "test005", "password": "test005", "api_key": "1RFxhYueYjebjUxz5z60nMSNB0R-j4b_ldleu_T2X_I"}
RAW INPUT: {"username": "test005", "password": "test005", "api_key": "1RFxhYueYjebjUxz5z60nMSNB0R-j4b_ldleu_T2X_I"}
RAW INPUT: {"username": "test005", "password": "test005", "api_key": "1RFxhYueYjebjUxz5z60nMSNB0R-j4b_ldleu_T2X_I"}
RAW INPUT: {"username": "test005", "password": "test005", "api_key": "1RFxhYueYjebjUxz5z60nMSNB0R-j4b_ldleu_T2X_I"}
RAW INPUT: {"username": "test005", "password": "test005", "api_key": "1RFxhYueYjebjUxz5z60nMSNB0R-j4b_ldleu_T2X_I"}
RAW INPUT: {"username": "test005", "password": "test005", "api_key": "1RFxhYueYjebjUxz5z60nMSNB0R-j4b_ldleu_T2X_I"}
RAW INPUT: {"username": "test005", "password": "test005", "api_key": "1RFxhYueYjebjUxz5z60nMSNB0R-j4b_ldleu_T2X_I"}
RAW INPUT: {"username": "test005", "password": "test005", "api_key": "1RFxhYueYjebjUxz5z60nMSNB0R-j4b_ldleu_T2X_I"}
RAW INPUT: {"username": "test005", "password": "test005", "api_key": "1RFxhYueYjebjUxz5z60nMSNB0R-j4b_ldleu_T2X_I"}
RAW INPUT: {"username": "test005", "password": "test005", "api_key": "1RFxhYueYjebjUxz5z60nMSNB0R-j4b_ldleu_T2X_I"}
RAW INPUT: {"username": "test005", "password": "test005", "api_key": "1RFxhYueYjebjUxz5z60nMSNB0R-j4b_ldleu_T2X_I"}
RAW INPUT: {"username": "test005", "password": "test005", "api_key": "1RFxhYueYjebjUxz5z60nMSNB0R-j4b_ldleu_T2X_I"}
RAW INPUT: {"username": "test005", "password": "test005", "api_key": "1RFxhYueYjebjUxz5z60nMSNB0R-j4b_ldleu_T2X_I"}
RAW INPUT: {"username": "test005", "password": "test005", "api_key": "1RFxhYueYjebjUxz5z60nMSNB0R-j4b_ldleu_T2X_I"}
RAW INPUT: {"username": "test008", "password": "test008", "api_key": "1RFxhYueYjebjUxz5z60nMSNB0R-j4b_ldleu_T2X_I"}
RAW INPUT: {"username": "test007", "password": "test007", "api_key": "1RFxhYueYjebjUxz5z60nMSNB0R-j4b_ldleu_T2X_I"}
RAW INPUT: {"username": "test005", "password": "test005", "api_key": "1RFxhYueYjebjUxz5z60nMSNB0R-j4b_ldleu_T2X_I"}
RAW INPUT: {"username": "test005", "password": "test005", "api_key": "1RFxhYueYjebjUxz5z60nMSNB0R-j4b_ldleu_T2X_I"}
RAW INPUT: {"username": "admin", "password": "Cn18012009!", "api_key": "1RFxhYueYjebjUxz5z60nMSNB0R-j4b_ldleu_T2X_I"}
RAW INPUT: {"username": "kdoyle", "password": "Treking35!", "api_key": "1RFxhYueYjebjUxz5z60nMSNB0R-j4b_ldleu_T2X_I"}
RAW INPUT: {"username": "test005", "password": "test005", "api_key": "1RFxhYueYjebjUxz5z60nMSNB0R-j4b_ldleu_T2X_I"}
RAW INPUT: {"username": "kdoyle", "password": "Treking35!", "api_key": "1RFxhYueYjebjUxz5z60nMSNB0R-j4b_ldleu_T2X_I"}
RAW INPUT: {"username": "test005", "password": "test005", "api_key": "1RFxhYueYjebjUxz5z60nMSNB0R-j4b_ldleu_T2X_I"}
RAW INPUT: {"username": "test005", "password": "test005", "api_key": "1RFxhYueYjebjUxz5z60nMSNB0R-j4b_ldleu_T2X_I"}
RAW INPUT: {"username": "test005", "password": "test005", "api_key": "1RFxhYueYjebjUxz5z60nMSNB0R-j4b_ldleu_T2X_I"}
RAW INPUT: {"username": "test005", "password": "test005", "api_key": "1RFxhYueYjebjUxz5z60nMSNB0R-j4b_ldleu_T2X_I"}
RAW INPUT: {"username": "test005", "password": "test005", "api_key": "1RFxhYueYjebjUxz5z60nMSNB0R-j4b_ldleu_T2X_I"}
RAW INPUT: {"username": "test005", "password": "test005", "api_key": "1RFxhYueYjebjUxz5z60nMSNB0R-j4b_ldleu_T2X_I"}
RAW INPUT: {"username": "test005", "password": "test005", "api_key": "1RFxhYueYjebjUxz5z60nMSNB0R-j4b_ldleu_T2X_I"}
RAW INPUT: {"username": "test005", "password": "test005", "api_key": "1RFxhYueYjebjUxz5z60nMSNB0R-j4b_ldleu_T2X_I"}
RAW INPUT: {"username": "test005", "password": "test005", "api_key": "1RFxhYueYjebjUxz5z60nMSNB0R-j4b_ldleu_T2X_I"}
RAW INPUT: {"username": "test005", "password": "test005", "api_key": "1RFxhYueYjebjUxz5z60nMSNB0R-j4b_ldleu_T2X_I"}
RAW INPUT: {"id": "17", "username": "test005", "fname": "test005", "lname": "testing", "email": "test005@test.com", "phone": "xxx-xxx-xxxx", "swimmers": "swimmerName9, test1", "password": "", "api_key": "1RFxhYueYjebjUxz5z60nMSNB0R-j4b_ldleu_T2X_I"}
RAW INPUT: {"username": "test005", "password": "test005", "api_key": "1RFxhYueYjebjUxz5z60nMSNB0R-j4b_ldleu_T2X_I"}
RAW INPUT: {"id": "17", "username": "test005", "fname": "test005", "lname": "testing", "email": "test005@test.com", "phone": "xxx-xxx-xxxx", "swimmers": "swimmerName9, test1", "password": "", "api_key": "1RFxhYueYjebjUxz5z60nMSNB0R-j4b_ldleu_T2X_I"}
RAW INPUT: {"username": "test005", "password": "test005", "api_key": "1RFxhYueYjebjUxz5z60nMSNB0R-j4b_ldleu_T2X_I"}
RAW INPUT: {"id": "17", "username": "test005", "fname": "test005", "lname": "testing", "email": "test005@test.com", "phone": "xxx-xxx-xxxx", "swimmers": "swimmerName9, test1", "password": "", "api_key": "1RFxhYueYjebjUxz5z60nMSNB0R-j4b_ldleu_T2X_I"}
RAW INPUT: 
RAW INPUT: {"id": "17", "username": "test005", "fname": "test005", "lname": "testing", "email": "test005@test.com", "phone": "xxx-xxx-xxxx", "swimmers": "swimmerName9, test1", "password": "", "api_key": "1RFxhYueYjebjUxz5z60nMSNB0R-j4b_ldleu_T2X_I"}
RAW INPUT: 
RAW INPUT: 
RAW INPUT: 
RAW INPUT: {"id": "17", "username": "test005", "fname": "test005", "lname": "testing", "email": "test005@test.com", "phone": "xxx-xxx-xxxx", "swimmers": "swimmerName9, test1", "password": "", "api_key": "1RFxhYueYjebjUxz5z60nMSNB0R-j4b_ldleu_T2X_I"}
RAW INPUT: {"username": "test005", "password": "test005", "api_key": "1RFxhYueYjebjUxz5z60nMSNB0R-j4b_ldleu_T2X_I"}
RAW INPUT: {"id": "17", "username": "test005", "fname": "test005", "lname": "test", "email": "test005@test.com", "phone": "xxx-xxx-xxxx", "swimmers": "swimmerName9, test1", "password": "", "api_key": "1RFxhYueYjebjUxz5z60nMSNB0R-j4b_ldleu_T2X_I"}
RAW INPUT: {"username": "test005", "password": "test005", "api_key": "1RFxhYueYjebjUxz5z60nMSNB0R-j4b_ldleu_T2X_I"}
RAW INPUT: {"id": "17", "username": "test005", "fname": "test005", "lname": "test", "email": "test005@test.com", "phone": "xxx-xxx-xxxx", "swimmers": "swimmerName9, test1", "api_key": "1RFxhYueYjebjUxz5z60nMSNB0R-j4b_ldleu_T2X_I"}
RAW INPUT: {"username": "test005", "password": "test005", "api_key": "1RFxhYueYjebjUxz5z60nMSNB0R-j4b_ldleu_T2X_I"}
RAW INPUT: {"id": "17", "username": "test005", "fname": "test005", "lname": "test", "email": "test005@test.com", "phone": "xxx-xxx-xxxx", "swimmers": "swimmerName9, test1", "api_key": "1RFxhYueYjebjUxz5z60nMSNB0R-j4b_ldleu_T2X_I"}
RAW INPUT: {"username": "test005", "password": "test005", "api_key": "1RFxhYueYjebjUxz5z60nMSNB0R-j4b_ldleu_T2X_I"}
RAW INPUT: {"id": "17", "username": "test005", "fname": "test005", "lname": "test", "email": "test005@test.com", "phone": "xxx-xxx-xxxx", "swimmers": "swimmerName9, test1", "api_key": "1RFxhYueYjebjUxz5z60nMSNB0R-j4b_ldleu_T2X_I"}
RAW INPUT: {"username": "test005", "password": "test005", "api_key": "1RFxhYueYjebjUxz5z60nMSNB0R-j4b_ldleu_T2X_I"}
RAW INPUT: {"id": "17", "username": "test005", "fname": "test005", "lname": "test", "email": "test005@test.com", "phone": "xxx-xxx-xxxx", "swimmers": "swimmerName9, test1", "password": "","api_key": "1RFxhYueYjebjUxz5z60nMSNB0R-j4b_ldleu_T2X_I"}
RAW INPUT: {"id": "17", "username": "test005", "fname": "test005", "lname": "testing", "email": "test005@test.com", "phone": "xxx-xxx-xxxx", "swimmers": "swimmerName9, test1", "password": "","api_key": "1RFxhYueYjebjUxz5z60nMSNB0R-j4b_ldleu_T2X_I"}
RAW INPUT: {"username": "test005", "password": "test005", "api_key": "1RFxhYueYjebjUxz5z60nMSNB0R-j4b_ldleu_T2X_I"}
RAW INPUT: {"id": "17", "username": "test005", "fname": "test005", "lname": "test", "email": "test005@test.com", "phone": "xxx-xxx-xxxx", "swimmers": "", "password": "","api_key": "1RFxhYueYjebjUxz5z60nMSNB0R-j4b_ldleu_T2X_I"}
RAW INPUT: {"username": "test005", "password": "test005", "api_key": "1RFxhYueYjebjUxz5z60nMSNB0R-j4b_ldleu_T2X_I"}
RAW INPUT: {"username": "test005", "password": "test005", "api_key": "1RFxhYueYjebjUxz5z60nMSNB0R-j4b_ldleu_T2X_I"}
RAW INPUT: {"username": "CDoyle", "password": "Cn18012009", "api_key": "1RFxhYueYjebjUxz5z60nMSNB0R-j4b_ldleu_T2X_I"}
RAW INPUT: {"id": "4", "username": "CDoyle", "fname": "Ciaran", "lname": "Doyle", "email": "ciarandoy11@gmail.com", "phone": "0892379290", "swimmers": "Ciaran Doyle, Riona Doyle", "password": "","api_key": "1RFxhYueYjebjUxz5z60nMSNB0R-j4b_ldleu_T2X_I"}
RAW INPUT: {"id": "4", "username": "CDoyle", "fname": "Ciaran", "lname": "Doyle", "email": "ciarandoy11@gmail.com", "phone": "0892379290", "swimmers": "Ciaran Doyle, Riona Doyle", "password": "","api_key": "1RFxhYueYjebjUxz5z60nMSNB0R-j4b_ldleu_T2X_I"}
RAW INPUT: {"username": "CDoyle", "password": "Cn1812009", "api_key": "1RFxhYueYjebjUxz5z60nMSNB0R-j4b_ldleu_T2X_I"}
RAW INPUT: {"username": "CDoyle", "password": "Cn18012009", "api_key": "1RFxhYueYjebjUxz5z60nMSNB0R-j4b_ldleu_T2X_I"}
RAW INPUT: {"username": "CDoyle", "password": "Cn18012009", "api_key": "1RFxhYueYjebjUxz5z60nMSNB0R-j4b_ldleu_T2X_I"}
RAW INPUT: {"username": "CDoyle", "password": "Cn18012009", "api_key": "1RFxhYueYjebjUxz5z60nMSNB0R-j4b_ldleu_T2X_I"}
RAW INPUT: {"username": "CDoyle", "password": "Cn18012009", "api_key": "1RFxhYueYjebjUxz5z60nMSNB0R-j4b_ldleu_T2X_I"}
RAW INPUT: {"username": "CDoyle", "password": "Cn18012009", "api_key": "1RFxhYueYjebjUxz5z60nMSNB0R-j4b_ldleu_T2X_I"}
RAW INPUT: {"username": "CDoyle", "password": "Cn18012009", "api_key": "1RFxhYueYjebjUxz5z60nMSNB0R-j4b_ldleu_T2X_I"}
RAW INPUT: {"username": "CDoyle", "password": "Cn18012009", "api_key": "1RFxhYueYjebjUxz5z60nMSNB0R-j4b_ldleu_T2X_I"}
RAW INPUT: {"username": "CDoyle", "password": "Cn18012009", "api_key": "1RFxhYueYjebjUxz5z60nMSNB0R-j4b_ldleu_T2X_I"}
RAW INPUT: {"username": "CDoyle", "password": "Cn18012009", "api_key": "1RFxhYueYjebjUxz5z60nMSNB0R-j4b_ldleu_T2X_I"}
RAW INPUT: {"username": "CDoyle", "password": "Cn18012009", "api_key": "1RFxhYueYjebjUxz5z60nMSNB0R-j4b_ldleu_T2X_I"}
RAW INPUT: {"id": "4", "username": "CDoyle", "fname": "Ciaran", "lname": "Doyle", "email": "ciarandoy11@gmail.com", "phone": "0892379290", "swimmers": "Ciaran Doyle, Riona Doyle", "password": "","api_key": "1RFxhYueYjebjUxz5z60nMSNB0R-j4b_ldleu_T2X_I"}
RAW INPUT: {"id": "4", "username": "CDoyle", "fname": "Ciaran", "lname": "Doyle", "email": "ciarandoy11@gmail.com", "phone": "0892379290", "swimmers": "Ciaran Doyle, Riona Doyle", "password": "","api_key": "1RFxhYueYjebjUxz5z60nMSNB0R-j4b_ldleu_T2X_I"}
RAW INPUT: {"username": "CDoyle", "password": "Cn18012009", "api_key": "1RFxhYueYjebjUxz5z60nMSNB0R-j4b_ldleu_T2X_I"}
RAW INPUT: {"username": "CDoyle", "password": "Cn18012009", "api_key": "1RFxhYueYjebjUxz5z60nMSNB0R-j4b_ldleu_T2X_I"}
RAW INPUT: {"username": "CDoyle", "password": "Cn18012009", "api_key": "1RFxhYueYjebjUxz5z60nMSNB0R-j4b_ldleu_T2X_I"}
RAW INPUT: {"username": "CDoyle", "password": "Cn18012009", "api_key": "1RFxhYueYjebjUxz5z60nMSNB0R-j4b_ldleu_T2X_I"}
RAW INPUT: {"username": "CDoyle", "password": "Cn18012009", "api_key": "1RFxhYueYjebjUxz5z60nMSNB0R-j4b_ldleu_T2X_I"}
RAW INPUT: {"username": "CDoyle", "password": "Cn18012009", "api_key": "1RFxhYueYjebjUxz5z60nMSNB0R-j4b_ldleu_T2X_I"}
RAW INPUT: {"username": "CDoyle", "password": "Cn18012009", "api_key": "1RFxhYueYjebjUxz5z60nMSNB0R-j4b_ldleu_T2X_I"}
RAW INPUT: {"username": "test005", "password": "test005", "api_key": "1RFxhYueYjebjUxz5z60nMSNB0R-j4b_ldleu_T2X_I"}
RAW INPUT: {"username": "test005", "password": "test005", "api_key": "1RFxhYueYjebjUxz5z60nMSNB0R-j4b_ldleu_T2X_I"}
RAW INPUT: {"username": "test005", "password": "test005", "api_key": "1RFxhYueYjebjUxz5z60nMSNB0R-j4b_ldleu_T2X_I"}
RAW INPUT: {"username": "test005", "password": "test005", "api_key": "1RFxhYueYjebjUxz5z60nMSNB0R-j4b_ldleu_T2X_I"}
RAW INPUT: {"username": "test005", "password": "test005", "api_key": "1RFxhYueYjebjUxz5z60nMSNB0R-j4b_ldleu_T2X_I"}
RAW INPUT: {"username": "test005", "password": "test005", "api_key": "1RFxhYueYjebjUxz5z60nMSNB0R-j4b_ldleu_T2X_I"}
RAW INPUT: {"username": "test005", "password": "test005", "api_key": "1RFxhYueYjebjUxz5z60nMSNB0R-j4b_ldleu_T2X_I"}
RAW INPUT: {"username": "test005", "password": "test005", "api_key": "1RFxhYueYjebjUxz5z60nMSNB0R-j4b_ldleu_T2X_I"}
RAW INPUT: {"username": "test005", "password": "test005", "api_key": "1RFxhYueYjebjUxz5z60nMSNB0R-j4b_ldleu_T2X_I"}
RAW INPUT: {"username": "test005", "password": "test005", "api_key": "1RFxhYueYjebjUxz5z60nMSNB0R-j4b_ldleu_T2X_I"}
RAW INPUT: {"username": "test005", "password": "test005", "api_key": "1RFxhYueYjebjUxz5z60nMSNB0R-j4b_ldleu_T2X_I"}
RAW INPUT: {"username": "test005", "password": "test005", "api_key": "1RFxhYueYjebjUxz5z60nMSNB0R-j4b_ldleu_T2X_I"}
RAW INPUT: {"username": "CDoyle", "password": "Cn18012009", "api_key": "1RFxhYueYjebjUxz5z60nMSNB0R-j4b_ldleu_T2X_I"}
RAW INPUT: {"id": "4", "username": "CDoyle", "fname": "Ciaran", "lname": "Doyle", "email": "ciarandoy11@gmail.com", "phone": "0892379290", "swimmers": "Ciaran Doyle, Riona Doyle", "password": "","api_key": "1RFxhYueYjebjUxz5z60nMSNB0R-j4b_ldleu_T2X_I"}
RAW INPUT: {"id": "4", "username": "CDoyle", "fname": "Ciaran", "lname": "Doyle", "email": "ciarandoy11@gmail.com", "phone": "0892379290", "swimmers": "Ciaran Doyle, Riona Doyle", "password": "","api_key": "1RFxhYueYjebjUxz5z60nMSNB0R-j4b_ldleu_T2X_I"}
RAW INPUT: {"username": "CDoyle", "password": "Cn18012009", "api_key": "1RFxhYueYjebjUxz5z60nMSNB0R-j4b_ldleu_T2X_I"}
RAW INPUT: {"id": "4", "username": "CDoyle", "fname": "Ciaran", "lname": "Doyle", "email": "ciarandoy11@gmail.com", "phone": "0892379290", "swimmers": "Ciaran Doyle, Riona Doyle", "password": "","api_key": "1RFxhYueYjebjUxz5z60nMSNB0R-j4b_ldleu_T2X_I"}
RAW INPUT: {"username": "kdoyle", "password": "Treking35!", "api_key": "1RFxhYueYjebjUxz5z60nMSNB0R-j4b_ldleu_T2X_I"}
RAW INPUT: 
RAW INPUT: 
RAW INPUT: {"username": "Sharon", "password": "Winnie78!", "api_key": "1RFxhYueYjebjUxz5z60nMSNB0R-j4b_ldleu_T2X_I"}
RAW INPUT: {"username": "meaney.sharon@gmail.com", "password": "Winnie78!", "api_key": "1RFxhYueYjebjUxz5z60nMSNB0R-j4b_ldleu_T2X_I"}
RAW INPUT: {"username": "meaney.sharon@gmail.com", "password": "Winnie78!", "api_key": "1RFxhYueYjebjUxz5z60nMSNB0R-j4b_ldleu_T2X_I"}
RAW INPUT: {"username": "test005", "password": "test005", "api_key": "1RFxhYueYjebjUxz5z60nMSNB0R-j4b_ldleu_T2X_I"}
RAW INPUT: {"username": "CDoyle", "password": "Cn18012009", "api_key": "1RFxhYueYjebjUxz5z60nMSNB0R-j4b_ldleu_T2X_I"}
RAW INPUT: {"username": "test005", "password": "test005", "api_key": "1RFxhYueYjebjUxz5z60nMSNB0R-j4b_ldleu_T2X_I"}
RAW INPUT: {"username": "test005", "password": "test005", "api_key": "1RFxhYueYjebjUxz5z60nMSNB0R-j4b_ldleu_T2X_I"}
RAW INPUT: {"username": "test005", "password": "test005", "api_key": "1RFxhYueYjebjUxz5z60nMSNB0R-j4b_ldleu_T2X_I"}
RAW INPUT: {"username": "test005", "password": "test005", "api_key": "1RFxhYueYjebjUxz5z60nMSNB0R-j4b_ldleu_T2X_I"}
RAW INPUT: {"username": "test005", "password": "test005", "api_key": "1RFxhYueYjebjUxz5z60nMSNB0R-j4b_ldleu_T2X_I"}
RAW INPUT: {"username": "test005", "password": "test005", "api_key": "1RFxhYueYjebjUxz5z60nMSNB0R-j4b_ldleu_T2X_I"}
RAW INPUT: {"username": "test005", "password": "test005", "api_key": "1RFxhYueYjebjUxz5z60nMSNB0R-j4b_ldleu_T2X_I"}
RAW INPUT: {"username": "test005", "password": "test005", "api_key": "1RFxhYueYjebjUxz5z60nMSNB0R-j4b_ldleu_T2X_I"}
RAW INPUT: {"username": "test005", "password": "test005", "api_key": "1RFxhYueYjebjUxz5z60nMSNB0R-j4b_ldleu_T2X_I"}
RAW INPUT: {"username": "test005", "password": "test005", "api_key": "1RFxhYueYjebjUxz5z60nMSNB0R-j4b_ldleu_T2X_I"}
RAW INPUT: {"username": "test005", "password": "test005", "api_key": "1RFxhYueYjebjUxz5z60nMSNB0R-j4b_ldleu_T2X_I"}
RAW INPUT: {"username": "test005", "password": "test005", "api_key": "1RFxhYueYjebjUxz5z60nMSNB0R-j4b_ldleu_T2X_I"}
RAW INPUT: {"username": "test005", "password": "test005", "api_key": "1RFxhYueYjebjUxz5z60nMSNB0R-j4b_ldleu_T2X_I"}
RAW INPUT: {"username": "test005", "password": "test005", "api_key": "1RFxhYueYjebjUxz5z60nMSNB0R-j4b_ldleu_T2X_I"}
RAW INPUT: {"username": "test005", "password": "test005", "api_key": "1RFxhYueYjebjUxz5z60nMSNB0R-j4b_ldleu_T2X_I"}
RAW INPUT: {"username": "test005", "password": "test005", "api_key": "1RFxhYueYjebjUxz5z60nMSNB0R-j4b_ldleu_T2X_I"}
RAW INPUT: {"username": "test005", "password": "test005", "api_key": "1RFxhYueYjebjUxz5z60nMSNB0R-j4b_ldleu_T2X_I"}
RAW INPUT: {"username": "test005", "password": "test005", "api_key": "1RFxhYueYjebjUxz5z60nMSNB0R-j4b_ldleu_T2X_I"}
RAW INPUT: {"username": "CDoyle", "password": "Cn18012009", "api_key": "1RFxhYueYjebjUxz5z60nMSNB0R-j4b_ldleu_T2X_I"}
RAW INPUT: {"username": "admin", "password": "admin", "api_key": "1RFxhYueYjebjUxz5z60nMSNB0R-j4b_ldleu_T2X_I"}
RAW INPUT: {"username": "admin", "password": "admin", "api_key": "1RFxhYueYjebjUxz5z60nMSNB0R-j4b_ldleu_T2X_I"}
RAW INPUT: {"username": "kdoyle", "password": "Treking35!", "api_key": "1RFxhYueYjebjUxz5z60nMSNB0R-j4b_ldleu_T2X_I"}
RAW INPUT: {"username": "admin", "password": "admin", "api_key": "1RFxhYueYjebjUxz5z60nMSNB0R-j4b_ldleu_T2X_I"}
RAW INPUT: {"username": "CDoyle", "password": "Cn18012009", "api_key": "1RFxhYueYjebjUxz5z60nMSNB0R-j4b_ldleu_T2X_I"}
RAW INPUT: {"username": "CDoyle", "password": "Cn18012009", "api_key": "1RFxhYueYjebjUxz5z60nMSNB0R-j4b_ldleu_T2X_I"}
RAW INPUT: {"username": "CDoyle", "password": "Cn18012009", "api_key": "1RFxhYueYjebjUxz5z60nMSNB0R-j4b_ldleu_T2X_I"}
RAW INPUT: {"username": "CDoyle", "password": "Cn18012009", "api_key": "1RFxhYueYjebjUxz5z60nMSNB0R-j4b_ldleu_T2X_I"}
RAW INPUT: {"username": "CDoyle", "password": "Cn18012009", "api_key": "1RFxhYueYjebjUxz5z60nMSNB0R-j4b_ldleu_T2X_I"}
RAW INPUT: {"username": "CDoyle", "password": "Cn18012009", "api_key": "1RFxhYueYjebjUxz5z60nMSNB0R-j4b_ldleu_T2X_I"}
RAW INPUT: {"username": "CDoyle", "password": "Cn18012009", "api_key": "1RFxhYueYjebjUxz5z60nMSNB0R-j4b_ldleu_T2X_I"}
RAW INPUT: {"username": "CDoyle", "password": "Cn18012009", "api_key": "1RFxhYueYjebjUxz5z60nMSNB0R-j4b_ldleu_T2X_I"}
RAW INPUT: {"username": "CDoyle", "password": "Cn18012009", "api_key": "1RFxhYueYjebjUxz5z60nMSNB0R-j4b_ldleu_T2X_I"}
RAW INPUT: {"username": "CDoyle", "password": "Cn18012009", "api_key": "1RFxhYueYjebjUxz5z60nMSNB0R-j4b_ldleu_T2X_I"}
RAW INPUT: {"username": "CDoyle", "password": "Cn18012009", "api_key": "1RFxhYueYjebjUxz5z60nMSNB0R-j4b_ldleu_T2X_I"}
[2025-05-08 07:54:52] RAW INPUT: {"query": "SELECT * FROM users WHERE id = 4 WHERE club = 'dolphinsc'", "api_key": "1RFxhYueYjebjUxz5z60nMSNB0R-j4b_ldleu_T2X_I"}
[2025-05-08 07:54:52] Failed SQL: SELECT * FROM users WHERE id = 4 WHERE club = 'dolphinsc' | Error: You have an error in your SQL syntax; check the manual that corresponds to your MariaDB server version for the right syntax to use near 'WHERE club = 'dolphinsc'' at line 1
[2025-05-08 07:55:40] RAW INPUT: 
[2025-05-08 07:55:40] Invalid JSON format: Syntax error
[2025-05-08 07:55:53] RAW INPUT: 
[2025-05-08 07:55:53] Invalid JSON format: Syntax error
RAW INPUT: {"username": "CDoyle", "password": "Cn18012009", "api_key": "1RFxhYueYjebjUxz5z60nMSNB0R-j4b_ldleu_T2X_I"}
RAW INPUT: {"username": "CDoyle", "password": "Cn18012009", "api_key": "1RFxhYueYjebjUxz5z60nMSNB0R-j4b_ldleu_T2X_I"}
RAW INPUT: {"username": "CDoyle", "password": "Cn18012009", "api_key": "1RFxhYueYjebjUxz5z60nMSNB0R-j4b_ldleu_T2X_I"}
RAW INPUT: {"username": "CDoyle", "password": "Cn18012009", "api_key": "1RFxhYueYjebjUxz5z60nMSNB0R-j4b_ldleu_T2X_I"}
RAW INPUT: {"username": "CDoyle", "password": "Cn18012009", "api_key": "1RFxhYueYjebjUxz5z60nMSNB0R-j4b_ldleu_T2X_I"}
RAW INPUT: {"username": "CDoyle", "password": "Cn18012009", "api_key": "1RFxhYueYjebjUxz5z60nMSNB0R-j4b_ldleu_T2X_I"}
RAW INPUT: {"username": "CDoyle", "password": "Cn18012009", "api_key": "1RFxhYueYjebjUxz5z60nMSNB0R-j4b_ldleu_T2X_I"}
RAW INPUT: {"username": "CDoyle", "password": "Cn18012009", "api_key": "1RFxhYueYjebjUxz5z60nMSNB0R-j4b_ldleu_T2X_I"}
RAW INPUT: {"username": "CDoyle", "password": "Cn18012009", "api_key": "1RFxhYueYjebjUxz5z60nMSNB0R-j4b_ldleu_T2X_I"}
RAW INPUT: {"username": "CDoyle", "password": "Cn18012009", "api_key": "1RFxhYueYjebjUxz5z60nMSNB0R-j4b_ldleu_T2X_I"}
RAW INPUT: {"query": "SELECT * FROM timetable WHERE _day IN ('Monday 05/05/25', 'Tuesday 06/05/25', 'Wednesday 07/05/25', 'Thursday 08/05/25', 'Friday 09/05/25', 'Saturday 10/05/25', 'Sunday 11/05/25') AND club = dolphinsc;", "api_key": "1RFxhYueYjebjUxz5z60nMSNB0R-j4b_ldleu_T2X_I"}
RAW INPUT: {"query": "SELECT * FROM timetable WHERE _day IN ('Monday 28/04/25', 'Tuesday 29/04/25', 'Wednesday 30/04/25', 'Thursday 01/05/25', 'Friday 02/05/25', 'Saturday 03/05/25', 'Sunday 04/05/25') AND club = dolphinsc;", "api_key": "1RFxhYueYjebjUxz5z60nMSNB0R-j4b_ldleu_T2X_I"}
RAW INPUT: {"username": "CDoyle", "password": "Cn18012009", "api_key": "1RFxhYueYjebjUxz5z60nMSNB0R-j4b_ldleu_T2X_I"}
RAW INPUT: {"query": "SELECT * FROM users WHERE id = 4", "api_key": "1RFxhYueYjebjUxz5z60nMSNB0R-j4b_ldleu_T2X_I"}
RAW INPUT: {"query": "SELECT * FROM timetable WHERE _day IN ('Monday 05/05/25', 'Tuesday 06/05/25', 'Wednesday 07/05/25', 'Thursday 08/05/25', 'Friday 09/05/25', 'Saturday 10/05/25', 'Sunday 11/05/25') AND club = 'dolphinsc';", "api_key": "1RFxhYueYjebjUxz5z60nMSNB0R-j4b_ldleu_T2X_I"}
RAW INPUT: {"query": "SELECT * FROM timetable WHERE _day IN ('Monday 12/05/25', 'Tuesday 13/05/25', 'Wednesday 14/05/25', 'Thursday 15/05/25', 'Friday 16/05/25', 'Saturday 17/05/25', 'Sunday 18/05/25') AND club = 'dolphinsc';", "api_key": "1RFxhYueYjebjUxz5z60nMSNB0R-j4b_ldleu_T2X_I"}
RAW INPUT: {"query": "SELECT * FROM timetable WHERE _day IN ('Monday 05/05/25', 'Tuesday 06/05/25', 'Wednesday 07/05/25', 'Thursday 08/05/25', 'Friday 09/05/25', 'Saturday 10/05/25', 'Sunday 11/05/25') AND club = 'dolphinsc';", "api_key": "1RFxhYueYjebjUxz5z60nMSNB0R-j4b_ldleu_T2X_I"}
RAW INPUT: {"username": "CDoyle", "password": "Cn18012009", "api_key": "1RFxhYueYjebjUxz5z60nMSNB0R-j4b_ldleu_T2X_I"}
RAW INPUT: {"query": "SELECT * FROM users WHERE id = 4", "api_key": "1RFxhYueYjebjUxz5z60nMSNB0R-j4b_ldleu_T2X_I"}
RAW INPUT: {"query": "SELECT * FROM timetable WHERE _day IN ('Monday 05/05/25', 'Tuesday 06/05/25', 'Wednesday 07/05/25', 'Thursday 08/05/25', 'Friday 09/05/25', 'Saturday 10/05/25', 'Sunday 11/05/25') AND club = 'dolphinsc';", "api_key": "1RFxhYueYjebjUxz5z60nMSNB0R-j4b_ldleu_T2X_I"}
RAW INPUT: {"query": "SELECT * FROM timetable WHERE _day IN ('Monday 12/05/25', 'Tuesday 13/05/25', 'Wednesday 14/05/25', 'Thursday 15/05/25', 'Friday 16/05/25', 'Saturday 17/05/25', 'Sunday 18/05/25') AND club = 'dolphinsc';", "api_key": "1RFxhYueYjebjUxz5z60nMSNB0R-j4b_ldleu_T2X_I"}
RAW INPUT: {"query": "SELECT * FROM timetable WHERE _day IN ('Monday 05/05/25', 'Tuesday 06/05/25', 'Wednesday 07/05/25', 'Thursday 08/05/25', 'Friday 09/05/25', 'Saturday 10/05/25', 'Sunday 11/05/25') AND club = 'dolphinsc';", "api_key": "1RFxhYueYjebjUxz5z60nMSNB0R-j4b_ldleu_T2X_I"}
RAW INPUT: {"username": "CDoyle", "password": "Cn18012009", "api_key": "1RFxhYueYjebjUxz5z60nMSNB0R-j4b_ldleu_T2X_I"}
RAW INPUT: {"query": "SELECT * FROM users WHERE id = 4", "api_key": "1RFxhYueYjebjUxz5z60nMSNB0R-j4b_ldleu_T2X_I"}
RAW INPUT: {"query": "SELECT * FROM timetable WHERE _day IN ('Monday 05/05/25', 'Tuesday 06/05/25', 'Wednesday 07/05/25', 'Thursday 08/05/25', 'Friday 09/05/25', 'Saturday 10/05/25', 'Sunday 11/05/25') AND club = 'dolphinsc';", "api_key": "1RFxhYueYjebjUxz5z60nMSNB0R-j4b_ldleu_T2X_I"}
RAW INPUT: {"username": "CDoyle", "password": "Cn18012009", "api_key": "1RFxhYueYjebjUxz5z60nMSNB0R-j4b_ldleu_T2X_I"}
RAW INPUT: {"query": "SELECT * FROM users WHERE id = 4", "api_key": "1RFxhYueYjebjUxz5z60nMSNB0R-j4b_ldleu_T2X_I"}
RAW INPUT: {"query": "SELECT * FROM timetable WHERE _day IN ('Monday 05/05/25', 'Tuesday 06/05/25', 'Wednesday 07/05/25', 'Thursday 08/05/25', 'Friday 09/05/25', 'Saturday 10/05/25', 'Sunday 11/05/25') AND club = 'dolphinsc';", "api_key": "1RFxhYueYjebjUxz5z60nMSNB0R-j4b_ldleu_T2X_I"}
RAW INPUT: {"username": "CDoyle", "password": "Cn18012009", "api_key": "1RFxhYueYjebjUxz5z60nMSNB0R-j4b_ldleu_T2X_I"}
RAW INPUT: {"query": "SELECT * FROM users WHERE id = 4", "api_key": "1RFxhYueYjebjUxz5z60nMSNB0R-j4b_ldleu_T2X_I"}
RAW INPUT: {"query": "SELECT * FROM timetable WHERE _day IN ('Monday 05/05/25', 'Tuesday 06/05/25', 'Wednesday 07/05/25', 'Thursday 08/05/25', 'Friday 09/05/25', 'Saturday 10/05/25', 'Sunday 11/05/25') AND club = 'dolphinsc';", "api_key": "1RFxhYueYjebjUxz5z60nMSNB0R-j4b_ldleu_T2X_I"}
RAW INPUT: {"username": "CDoyle", "password": "Cn18012009", "api_key": "1RFxhYueYjebjUxz5z60nMSNB0R-j4b_ldleu_T2X_I"}
RAW INPUT: {"query": "SELECT * FROM users WHERE id = 4", "api_key": "1RFxhYueYjebjUxz5z60nMSNB0R-j4b_ldleu_T2X_I"}
RAW INPUT: {"query": "SELECT * FROM timetable WHERE _day IN ('Monday 05/05/25', 'Tuesday 06/05/25', 'Wednesday 07/05/25', 'Thursday 08/05/25', 'Friday 09/05/25', 'Saturday 10/05/25', 'Sunday 11/05/25') AND club = 'dolphinsc';", "api_key": "1RFxhYueYjebjUxz5z60nMSNB0R-j4b_ldleu_T2X_I"}
RAW INPUT: {"query": "SELECT * FROM timetable WHERE _day IN ('Monday 28/04/25', 'Tuesday 29/04/25', 'Wednesday 30/04/25', 'Thursday 01/05/25', 'Friday 02/05/25', 'Saturday 03/05/25', 'Sunday 04/05/25') AND club = 'dolphinsc';", "api_key": "1RFxhYueYjebjUxz5z60nMSNB0R-j4b_ldleu_T2X_I"}
RAW INPUT: {"username": "CDoyle", "password": "Cn18012009", "api_key": "1RFxhYueYjebjUxz5z60nMSNB0R-j4b_ldleu_T2X_I"}
RAW INPUT: {"query": "SELECT * FROM users WHERE id = 4", "api_key": "1RFxhYueYjebjUxz5z60nMSNB0R-j4b_ldleu_T2X_I"}
RAW INPUT: {"query": "SELECT * FROM timetable WHERE _day IN ('Monday 05/05/25', 'Tuesday 06/05/25', 'Wednesday 07/05/25', 'Thursday 08/05/25', 'Friday 09/05/25', 'Saturday 10/05/25', 'Sunday 11/05/25') AND club = 'dolphinsc';", "api_key": "1RFxhYueYjebjUxz5z60nMSNB0R-j4b_ldleu_T2X_I"}
RAW INPUT: {"username": "CDoyle", "password": "Cn18012009", "api_key": "1RFxhYueYjebjUxz5z60nMSNB0R-j4b_ldleu_T2X_I"}
RAW INPUT: {"query": "SELECT * FROM users WHERE id = 4", "api_key": "1RFxhYueYjebjUxz5z60nMSNB0R-j4b_ldleu_T2X_I"}
RAW INPUT: {"query": "SELECT * FROM timetable WHERE _day IN ('Monday 05/05/25', 'Tuesday 06/05/25', 'Wednesday 07/05/25', 'Thursday 08/05/25', 'Friday 09/05/25', 'Saturday 10/05/25', 'Sunday 11/05/25') AND club = 'dolphinsc';", "api_key": "1RFxhYueYjebjUxz5z60nMSNB0R-j4b_ldleu_T2X_I"}
RAW INPUT: {"username": "CDoyle", "password": "Cn18012009", "api_key": "1RFxhYueYjebjUxz5z60nMSNB0R-j4b_ldleu_T2X_I"}
RAW INPUT: {"query": "SELECT * FROM users WHERE id = 4", "api_key": "1RFxhYueYjebjUxz5z60nMSNB0R-j4b_ldleu_T2X_I"}
RAW INPUT: {"query": "SELECT * FROM timetable WHERE _day IN ('Monday 05/05/25', 'Tuesday 06/05/25', 'Wednesday 07/05/25', 'Thursday 08/05/25', 'Friday 09/05/25', 'Saturday 10/05/25', 'Sunday 11/05/25') AND club = 'dolphinsc';", "api_key": "1RFxhYueYjebjUxz5z60nMSNB0R-j4b_ldleu_T2X_I"}
RAW INPUT: {"username": "CDoyle", "password": "Cn18012009", "api_key": "1RFxhYueYjebjUxz5z60nMSNB0R-j4b_ldleu_T2X_I"}
RAW INPUT: {"query": "SELECT * FROM users WHERE id = 4", "api_key": "1RFxhYueYjebjUxz5z60nMSNB0R-j4b_ldleu_T2X_I"}
RAW INPUT: {"query": "SELECT * FROM timetable WHERE _day IN ('Monday 05/05/25', 'Tuesday 06/05/25', 'Wednesday 07/05/25', 'Thursday 08/05/25', 'Friday 09/05/25', 'Saturday 10/05/25', 'Sunday 11/05/25') AND club = 'dolphinsc';", "api_key": "1RFxhYueYjebjUxz5z60nMSNB0R-j4b_ldleu_T2X_I"}
RAW INPUT: {"username": "CDoyle", "password": "Cn18012009", "api_key": "1RFxhYueYjebjUxz5z60nMSNB0R-j4b_ldleu_T2X_I"}
RAW INPUT: {"query": "SELECT * FROM users WHERE id = 4", "api_key": "1RFxhYueYjebjUxz5z60nMSNB0R-j4b_ldleu_T2X_I"}
RAW INPUT: {"query": "SELECT * FROM timetable WHERE _day IN ('Monday 05/05/25', 'Tuesday 06/05/25', 'Wednesday 07/05/25', 'Thursday 08/05/25', 'Friday 09/05/25', 'Saturday 10/05/25', 'Sunday 11/05/25') AND club = 'dolphinsc';", "api_key": "1RFxhYueYjebjUxz5z60nMSNB0R-j4b_ldleu_T2X_I"}
RAW INPUT: {"username": "CDoyle", "password": "Cn18012009", "api_key": "1RFxhYueYjebjUxz5z60nMSNB0R-j4b_ldleu_T2X_I"}
RAW INPUT: {"query": "SELECT * FROM users WHERE id = 4", "api_key": "1RFxhYueYjebjUxz5z60nMSNB0R-j4b_ldleu_T2X_I"}
RAW INPUT: {"query": "SELECT * FROM timetable WHERE _day IN ('Monday 05/05/25', 'Tuesday 06/05/25', 'Wednesday 07/05/25', 'Thursday 08/05/25', 'Friday 09/05/25', 'Saturday 10/05/25', 'Sunday 11/05/25') AND club = 'dolphinsc';", "api_key": "1RFxhYueYjebjUxz5z60nMSNB0R-j4b_ldleu_T2X_I"}
RAW INPUT: {"query": "SELECT * FROM timetable WHERE _day IN ('Monday 05/05/25', 'Tuesday 06/05/25', 'Wednesday 07/05/25', 'Thursday 08/05/25', 'Friday 09/05/25', 'Saturday 10/05/25', 'Sunday 11/05/25') AND club = 'dolphinsc';", "api_key": "1RFxhYueYjebjUxz5z60nMSNB0R-j4b_ldleu_T2X_I"}
RAW INPUT: {"query": "SELECT * FROM timetable WHERE _day IN ('Monday 05/05/25', 'Tuesday 06/05/25', 'Wednesday 07/05/25', 'Thursday 08/05/25', 'Friday 09/05/25', 'Saturday 10/05/25', 'Sunday 11/05/25') AND club = 'dolphinsc';", "api_key": "1RFxhYueYjebjUxz5z60nMSNB0R-j4b_ldleu_T2X_I"}
RAW INPUT: {"query": "SELECT * FROM timetable WHERE _day IN ('Monday 05/05/25', 'Tuesday 06/05/25', 'Wednesday 07/05/25', 'Thursday 08/05/25', 'Friday 09/05/25', 'Saturday 10/05/25', 'Sunday 11/05/25') AND club = 'dolphinsc';", "api_key": "1RFxhYueYjebjUxz5z60nMSNB0R-j4b_ldleu_T2X_I"}
RAW INPUT: {"query": "SELECT * FROM timetable WHERE _day IN ('Monday 05/05/25', 'Tuesday 06/05/25', 'Wednesday 07/05/25', 'Thursday 08/05/25', 'Friday 09/05/25', 'Saturday 10/05/25', 'Sunday 11/05/25') AND club = 'dolphinsc';", "api_key": "1RFxhYueYjebjUxz5z60nMSNB0R-j4b_ldleu_T2X_I"}
RAW INPUT: {"query": "SELECT * FROM timetable WHERE _day IN ('Monday 05/05/25', 'Tuesday 06/05/25', 'Wednesday 07/05/25', 'Thursday 08/05/25', 'Friday 09/05/25', 'Saturday 10/05/25', 'Sunday 11/05/25') AND club = 'dolphinsc';", "api_key": "1RFxhYueYjebjUxz5z60nMSNB0R-j4b_ldleu_T2X_I"}
RAW INPUT: {"query": "SELECT * FROM timetable WHERE _day IN ('Monday 05/05/25', 'Tuesday 06/05/25', 'Wednesday 07/05/25', 'Thursday 08/05/25', 'Friday 09/05/25', 'Saturday 10/05/25', 'Sunday 11/05/25') AND club = 'dolphinsc';", "api_key": "1RFxhYueYjebjUxz5z60nMSNB0R-j4b_ldleu_T2X_I"}
RAW INPUT: {"query": "SELECT * FROM timetable WHERE _day IN ('Monday 05/05/25', 'Tuesday 06/05/25', 'Wednesday 07/05/25', 'Thursday 08/05/25', 'Friday 09/05/25', 'Saturday 10/05/25', 'Sunday 11/05/25') AND club = 'dolphinsc';", "api_key": "1RFxhYueYjebjUxz5z60nMSNB0R-j4b_ldleu_T2X_I"}
RAW INPUT: {"query": "SELECT * FROM timetable WHERE _day IN ('Monday 05/05/25', 'Tuesday 06/05/25', 'Wednesday 07/05/25', 'Thursday 08/05/25', 'Friday 09/05/25', 'Saturday 10/05/25', 'Sunday 11/05/25') AND club = 'dolphinsc';", "api_key": "1RFxhYueYjebjUxz5z60nMSNB0R-j4b_ldleu_T2X_I"}
RAW INPUT: {"username": "CDoyle", "password": "Cn18012009", "api_key": "1RFxhYueYjebjUxz5z60nMSNB0R-j4b_ldleu_T2X_I"}
RAW INPUT: {"query": "SELECT * FROM users WHERE id = 4", "api_key": "1RFxhYueYjebjUxz5z60nMSNB0R-j4b_ldleu_T2X_I"}
RAW INPUT: {"query": "SELECT * FROM timetable WHERE _day IN ('Monday 05/05/25', 'Tuesday 06/05/25', 'Wednesday 07/05/25', 'Thursday 08/05/25', 'Friday 09/05/25', 'Saturday 10/05/25', 'Sunday 11/05/25') AND club = 'dolphinsc';", "api_key": "1RFxhYueYjebjUxz5z60nMSNB0R-j4b_ldleu_T2X_I"}
RAW INPUT: {"username": "CDoyle", "password": "Cn18012009", "api_key": "1RFxhYueYjebjUxz5z60nMSNB0R-j4b_ldleu_T2X_I"}
RAW INPUT: {"query": "SELECT * FROM users WHERE id = 4", "api_key": "1RFxhYueYjebjUxz5z60nMSNB0R-j4b_ldleu_T2X_I"}
RAW INPUT: {"query": "SELECT * FROM timetable WHERE _day IN ('Monday 05/05/25', 'Tuesday 06/05/25', 'Wednesday 07/05/25', 'Thursday 08/05/25', 'Friday 09/05/25', 'Saturday 10/05/25', 'Sunday 11/05/25') AND club = 'dolphinsc';", "api_key": "1RFxhYueYjebjUxz5z60nMSNB0R-j4b_ldleu_T2X_I"}
RAW INPUT: {"query": "SELECT * FROM timetable WHERE _day IN ('Monday 05/05/25', 'Tuesday 06/05/25', 'Wednesday 07/05/25', 'Thursday 08/05/25', 'Friday 09/05/25', 'Saturday 10/05/25', 'Sunday 11/05/25') AND club = 'dolphinsc';", "api_key": "1RFxhYueYjebjUxz5z60nMSNB0R-j4b_ldleu_T2X_I"}
RAW INPUT: {"query": "SELECT * FROM timetable WHERE _day IN ('Monday 05/05/25', 'Tuesday 06/05/25', 'Wednesday 07/05/25', 'Thursday 08/05/25', 'Friday 09/05/25', 'Saturday 10/05/25', 'Sunday 11/05/25') AND club = 'dolphinsc';", "api_key": "1RFxhYueYjebjUxz5z60nMSNB0R-j4b_ldleu_T2X_I"}
RAW INPUT: {"username": "CDoyle", "password": "Cn18012009", "api_key": "1RFxhYueYjebjUxz5z60nMSNB0R-j4b_ldleu_T2X_I"}
RAW INPUT: {"query": "SELECT * FROM users WHERE id = 4", "api_key": "1RFxhYueYjebjUxz5z60nMSNB0R-j4b_ldleu_T2X_I"}
RAW INPUT: {"query": "SELECT * FROM timetable WHERE _day IN ('Monday 05/05/25', 'Tuesday 06/05/25', 'Wednesday 07/05/25', 'Thursday 08/05/25', 'Friday 09/05/25', 'Saturday 10/05/25', 'Sunday 11/05/25') AND club = 'dolphinsc';", "api_key": "1RFxhYueYjebjUxz5z60nMSNB0R-j4b_ldleu_T2X_I"}
RAW INPUT: {"query": "SELECT * FROM timetable WHERE _day IN ('Monday 05/05/25', 'Tuesday 06/05/25', 'Wednesday 07/05/25', 'Thursday 08/05/25', 'Friday 09/05/25', 'Saturday 10/05/25', 'Sunday 11/05/25') AND club = 'dolphinsc';", "api_key": "1RFxhYueYjebjUxz5z60nMSNB0R-j4b_ldleu_T2X_I"}
RAW INPUT: {"query": "SELECT * FROM timetable WHERE _day IN ('Monday 05/05/25', 'Tuesday 06/05/25', 'Wednesday 07/05/25', 'Thursday 08/05/25', 'Friday 09/05/25', 'Saturday 10/05/25', 'Sunday 11/05/25') AND club = 'dolphinsc';", "api_key": "1RFxhYueYjebjUxz5z60nMSNB0R-j4b_ldleu_T2X_I"}
RAW INPUT: {"username": "CDoyle", "password": "Cn18012009", "api_key": "1RFxhYueYjebjUxz5z60nMSNB0R-j4b_ldleu_T2X_I"}
RAW INPUT: {"query": "SELECT * FROM users WHERE id = 4", "api_key": "1RFxhYueYjebjUxz5z60nMSNB0R-j4b_ldleu_T2X_I"}
RAW INPUT: {"query": "SELECT * FROM timetable WHERE _day IN ('Monday 05/05/25', 'Tuesday 06/05/25', 'Wednesday 07/05/25', 'Thursday 08/05/25', 'Friday 09/05/25', 'Saturday 10/05/25', 'Sunday 11/05/25') AND club = 'dolphinsc';", "api_key": "1RFxhYueYjebjUxz5z60nMSNB0R-j4b_ldleu_T2X_I"}
RAW INPUT: {"username": "CDoyle", "password": "Cn18012009", "api_key": "1RFxhYueYjebjUxz5z60nMSNB0R-j4b_ldleu_T2X_I"}
RAW INPUT: {"query": "SELECT * FROM users WHERE id = 4", "api_key": "1RFxhYueYjebjUxz5z60nMSNB0R-j4b_ldleu_T2X_I"}
RAW INPUT: {"query": "SELECT * FROM timetable WHERE _day IN ('Monday 05/05/25', 'Tuesday 06/05/25', 'Wednesday 07/05/25', 'Thursday 08/05/25', 'Friday 09/05/25', 'Saturday 10/05/25', 'Sunday 11/05/25') AND club = 'dolphinsc';", "api_key": "1RFxhYueYjebjUxz5z60nMSNB0R-j4b_ldleu_T2X_I"}
RAW INPUT: {"query": "SELECT * FROM timetable WHERE _day IN ('Monday 05/05/25', 'Tuesday 06/05/25', 'Wednesday 07/05/25', 'Thursday 08/05/25', 'Friday 09/05/25', 'Saturday 10/05/25', 'Sunday 11/05/25') AND club = 'dolphinsc';", "api_key": "1RFxhYueYjebjUxz5z60nMSNB0R-j4b_ldleu_T2X_I"}
RAW INPUT: {"query": "SELECT * FROM timetable WHERE _day IN ('Monday 05/05/25', 'Tuesday 06/05/25', 'Wednesday 07/05/25', 'Thursday 08/05/25', 'Friday 09/05/25', 'Saturday 10/05/25', 'Sunday 11/05/25') AND club = 'dolphinsc';", "api_key": "1RFxhYueYjebjUxz5z60nMSNB0R-j4b_ldleu_T2X_I"}
RAW INPUT: {"username": "CDoyle", "password": "Cn18012009", "api_key": "1RFxhYueYjebjUxz5z60nMSNB0R-j4b_ldleu_T2X_I"}
RAW INPUT: {"query": "SELECT * FROM users WHERE id = 4", "api_key": "1RFxhYueYjebjUxz5z60nMSNB0R-j4b_ldleu_T2X_I"}
RAW INPUT: {"query": "SELECT * FROM timetable WHERE _day IN ('Monday 05/05/25', 'Tuesday 06/05/25', 'Wednesday 07/05/25', 'Thursday 08/05/25', 'Friday 09/05/25', 'Saturday 10/05/25', 'Sunday 11/05/25') AND club = 'dolphinsc';", "api_key": "1RFxhYueYjebjUxz5z60nMSNB0R-j4b_ldleu_T2X_I"}
RAW INPUT: {"query": "SELECT * FROM timetable WHERE _day IN ('Monday 05/05/25', 'Tuesday 06/05/25', 'Wednesday 07/05/25', 'Thursday 08/05/25', 'Friday 09/05/25', 'Saturday 10/05/25', 'Sunday 11/05/25') AND club = 'dolphinsc';", "api_key": "1RFxhYueYjebjUxz5z60nMSNB0R-j4b_ldleu_T2X_I"}
RAW INPUT: {"query": "SELECT * FROM timetable WHERE _day IN ('Monday 05/05/25', 'Tuesday 06/05/25', 'Wednesday 07/05/25', 'Thursday 08/05/25', 'Friday 09/05/25', 'Saturday 10/05/25', 'Sunday 11/05/25') AND club = 'dolphinsc';", "api_key": "1RFxhYueYjebjUxz5z60nMSNB0R-j4b_ldleu_T2X_I"}
RAW INPUT: {"query": "SELECT * FROM timetable WHERE _day IN ('Monday 05/05/25', 'Tuesday 06/05/25', 'Wednesday 07/05/25', 'Thursday 08/05/25', 'Friday 09/05/25', 'Saturday 10/05/25', 'Sunday 11/05/25') AND club = 'dolphinsc';", "api_key": "1RFxhYueYjebjUxz5z60nMSNB0R-j4b_ldleu_T2X_I"}
RAW INPUT: {"query": "SELECT * FROM timetable WHERE _day IN ('Monday 05/05/25', 'Tuesday 06/05/25', 'Wednesday 07/05/25', 'Thursday 08/05/25', 'Friday 09/05/25', 'Saturday 10/05/25', 'Sunday 11/05/25') AND club = 'dolphinsc';", "api_key": "1RFxhYueYjebjUxz5z60nMSNB0R-j4b_ldleu_T2X_I"}
RAW INPUT: {"username": "CDoyle", "password": "Cn18012009", "api_key": "1RFxhYueYjebjUxz5z60nMSNB0R-j4b_ldleu_T2X_I"}
RAW INPUT: {"query": "SELECT * FROM users WHERE id = 4", "api_key": "1RFxhYueYjebjUxz5z60nMSNB0R-j4b_ldleu_T2X_I"}
RAW INPUT: {"query": "SELECT * FROM timetable WHERE _day IN ('Monday 05/05/25', 'Tuesday 06/05/25', 'Wednesday 07/05/25', 'Thursday 08/05/25', 'Friday 09/05/25', 'Saturday 10/05/25', 'Sunday 11/05/25') AND club = 'dolphinsc';", "api_key": "1RFxhYueYjebjUxz5z60nMSNB0R-j4b_ldleu_T2X_I"}
RAW INPUT: {"username": "test005", "password": "test005", "api_key": "1RFxhYueYjebjUxz5z60nMSNB0R-j4b_ldleu_T2X_I"}
RAW INPUT: {"query": "SELECT * FROM users WHERE id = 17", "api_key": "1RFxhYueYjebjUxz5z60nMSNB0R-j4b_ldleu_T2X_I"}
RAW INPUT: {"query": "SELECT * FROM timetable WHERE _day IN ('Monday 05/05/25', 'Tuesday 06/05/25', 'Wednesday 07/05/25', 'Thursday 08/05/25', 'Friday 09/05/25', 'Saturday 10/05/25', 'Sunday 11/05/25') AND club = 'dolphinsc';", "api_key": "1RFxhYueYjebjUxz5z60nMSNB0R-j4b_ldleu_T2X_I"}
RAW INPUT: {"query": "SELECT * FROM timetable WHERE _day IN ('Monday 05/05/25', 'Tuesday 06/05/25', 'Wednesday 07/05/25', 'Thursday 08/05/25', 'Friday 09/05/25', 'Saturday 10/05/25', 'Sunday 11/05/25') AND club = 'dolphinsc';", "api_key": "1RFxhYueYjebjUxz5z60nMSNB0R-j4b_ldleu_T2X_I"}
RAW INPUT: {"username": "test005", "password": "test005", "api_key": "1RFxhYueYjebjUxz5z60nMSNB0R-j4b_ldleu_T2X_I"}
RAW INPUT: {"query": "SELECT * FROM users WHERE id = 17", "api_key": "1RFxhYueYjebjUxz5z60nMSNB0R-j4b_ldleu_T2X_I"}
RAW INPUT: {"query": "SELECT * FROM timetable WHERE _day IN ('Monday 05/05/25', 'Tuesday 06/05/25', 'Wednesday 07/05/25', 'Thursday 08/05/25', 'Friday 09/05/25', 'Saturday 10/05/25', 'Sunday 11/05/25') AND club = 'test';", "api_key": "1RFxhYueYjebjUxz5z60nMSNB0R-j4b_ldleu_T2X_I"}
RAW INPUT: {"query": "SELECT * FROM timetable WHERE _day IN ('Monday 28/04/25', 'Tuesday 29/04/25', 'Wednesday 30/04/25', 'Thursday 01/05/25', 'Friday 02/05/25', 'Saturday 03/05/25', 'Sunday 04/05/25') AND club = 'test';", "api_key": "1RFxhYueYjebjUxz5z60nMSNB0R-j4b_ldleu_T2X_I"}
RAW INPUT: {"query": "SELECT * FROM timetable WHERE _day IN ('Monday 21/04/25', 'Tuesday 22/04/25', 'Wednesday 23/04/25', 'Thursday 24/04/25', 'Friday 25/04/25', 'Saturday 26/04/25', 'Sunday 27/04/25') AND club = 'test';", "api_key": "1RFxhYueYjebjUxz5z60nMSNB0R-j4b_ldleu_T2X_I"}
RAW INPUT: {"query": "SELECT * FROM timetable WHERE _day IN ('Monday 14/04/25', 'Tuesday 15/04/25', 'Wednesday 16/04/25', 'Thursday 17/04/25', 'Friday 18/04/25', 'Saturday 19/04/25', 'Sunday 20/04/25') AND club = 'test';", "api_key": "1RFxhYueYjebjUxz5z60nMSNB0R-j4b_ldleu_T2X_I"}
RAW INPUT: {"username": "CDoyle", "password": "Cn18012009", "api_key": "1RFxhYueYjebjUxz5z60nMSNB0R-j4b_ldleu_T2X_I"}
RAW INPUT: {"query": "SELECT * FROM users WHERE id = 4", "api_key": "1RFxhYueYjebjUxz5z60nMSNB0R-j4b_ldleu_T2X_I"}
RAW INPUT: {"query": "SELECT * FROM timetable WHERE _day IN ('Monday 05/05/25', 'Tuesday 06/05/25', 'Wednesday 07/05/25', 'Thursday 08/05/25', 'Friday 09/05/25', 'Saturday 10/05/25', 'Sunday 11/05/25') AND club = 'dolphinsc';", "api_key": "1RFxhYueYjebjUxz5z60nMSNB0R-j4b_ldleu_T2X_I"}
RAW INPUT: {"query": "SELECT * FROM timetable WHERE _day IN ('Monday 12/05/25', 'Tuesday 13/05/25', 'Wednesday 14/05/25', 'Thursday 15/05/25', 'Friday 16/05/25', 'Saturday 17/05/25', 'Sunday 18/05/25') AND club = 'dolphinsc';", "api_key": "1RFxhYueYjebjUxz5z60nMSNB0R-j4b_ldleu_T2X_I"}
RAW INPUT: {"query": "SELECT * FROM timetable WHERE _day IN ('Monday 05/05/25', 'Tuesday 06/05/25', 'Wednesday 07/05/25', 'Thursday 08/05/25', 'Friday 09/05/25', 'Saturday 10/05/25', 'Sunday 11/05/25') AND club = 'dolphinsc';", "api_key": "1RFxhYueYjebjUxz5z60nMSNB0R-j4b_ldleu_T2X_I"}
RAW INPUT: {"username": "CDoyle", "password": "Cn18012009", "api_key": "1RFxhYueYjebjUxz5z60nMSNB0R-j4b_ldleu_T2X_I"}
RAW INPUT: {"query": "SELECT * FROM users WHERE id = 4", "api_key": "1RFxhYueYjebjUxz5z60nMSNB0R-j4b_ldleu_T2X_I"}
RAW INPUT: {"query": "SELECT * FROM timetable WHERE _day IN ('Monday 05/05/25', 'Tuesday 06/05/25', 'Wednesday 07/05/25', 'Thursday 08/05/25', 'Friday 09/05/25', 'Saturday 10/05/25', 'Sunday 11/05/25') AND club = 'dolphinsc';", "api_key": "1RFxhYueYjebjUxz5z60nMSNB0R-j4b_ldleu_T2X_I"}
RAW INPUT: {"query": "SELECT * FROM timetable WHERE _day IN ('Monday 05/05/25', 'Tuesday 06/05/25', 'Wednesday 07/05/25', 'Thursday 08/05/25', 'Friday 09/05/25', 'Saturday 10/05/25', 'Sunday 11/05/25') AND club = 'dolphinsc';", "api_key": "1RFxhYueYjebjUxz5z60nMSNB0R-j4b_ldleu_T2X_I"}
RAW INPUT: {"query": "SELECT * FROM timetable WHERE _day IN ('Monday 05/05/25', 'Tuesday 06/05/25', 'Wednesday 07/05/25', 'Thursday 08/05/25', 'Friday 09/05/25', 'Saturday 10/05/25', 'Sunday 11/05/25') AND club = 'dolphinsc';", "api_key": "1RFxhYueYjebjUxz5z60nMSNB0R-j4b_ldleu_T2X_I"}
RAW INPUT: {"username": "CDoyle", "password": "Cn18012009", "api_key": "1RFxhYueYjebjUxz5z60nMSNB0R-j4b_ldleu_T2X_I"}
RAW INPUT: {"query": "SELECT * FROM users WHERE id = 4", "api_key": "1RFxhYueYjebjUxz5z60nMSNB0R-j4b_ldleu_T2X_I"}
RAW INPUT: {"query": "SELECT * FROM timetable WHERE _day IN ('Monday 05/05/25', 'Tuesday 06/05/25', 'Wednesday 07/05/25', 'Thursday 08/05/25', 'Friday 09/05/25', 'Saturday 10/05/25', 'Sunday 11/05/25') AND club = 'dolphinsc';", "api_key": "1RFxhYueYjebjUxz5z60nMSNB0R-j4b_ldleu_T2X_I"}
RAW INPUT: {"query": "SELECT * FROM timetable WHERE _day IN ('Monday 05/05/25', 'Tuesday 06/05/25', 'Wednesday 07/05/25', 'Thursday 08/05/25', 'Friday 09/05/25', 'Saturday 10/05/25', 'Sunday 11/05/25') AND club = 'dolphinsc';", "api_key": "1RFxhYueYjebjUxz5z60nMSNB0R-j4b_ldleu_T2X_I"}
RAW INPUT: {"query": "SELECT * FROM timetable WHERE _day IN ('Monday 05/05/25', 'Tuesday 06/05/25', 'Wednesday 07/05/25', 'Thursday 08/05/25', 'Friday 09/05/25', 'Saturday 10/05/25', 'Sunday 11/05/25') AND club = 'dolphinsc';", "api_key": "1RFxhYueYjebjUxz5z60nMSNB0R-j4b_ldleu_T2X_I"}
RAW INPUT: {"query": "SELECT * FROM timetable WHERE _day IN ('Monday 05/05/25', 'Tuesday 06/05/25', 'Wednesday 07/05/25', 'Thursday 08/05/25', 'Friday 09/05/25', 'Saturday 10/05/25', 'Sunday 11/05/25') AND club = 'dolphinsc';", "api_key": "1RFxhYueYjebjUxz5z60nMSNB0R-j4b_ldleu_T2X_I"}
RAW INPUT: {"query": "SELECT * FROM timetable WHERE _day IN ('Monday 05/05/25', 'Tuesday 06/05/25', 'Wednesday 07/05/25', 'Thursday 08/05/25', 'Friday 09/05/25', 'Saturday 10/05/25', 'Sunday 11/05/25') AND club = 'dolphinsc';", "api_key": "1RFxhYueYjebjUxz5z60nMSNB0R-j4b_ldleu_T2X_I"}
RAW INPUT: {"query": "SELECT * FROM timetable WHERE _day IN ('Monday 05/05/25', 'Tuesday 06/05/25', 'Wednesday 07/05/25', 'Thursday 08/05/25', 'Friday 09/05/25', 'Saturday 10/05/25', 'Sunday 11/05/25') AND club = 'dolphinsc';", "api_key": "1RFxhYueYjebjUxz5z60nMSNB0R-j4b_ldleu_T2X_I"}
RAW INPUT: {"query": "SELECT * FROM timetable WHERE _day IN ('Monday 05/05/25', 'Tuesday 06/05/25', 'Wednesday 07/05/25', 'Thursday 08/05/25', 'Friday 09/05/25', 'Saturday 10/05/25', 'Sunday 11/05/25') AND club = 'dolphinsc';", "api_key": "1RFxhYueYjebjUxz5z60nMSNB0R-j4b_ldleu_T2X_I"}
RAW INPUT: {"username": "CDoyle", "password": "Cn18012009", "api_key": "1RFxhYueYjebjUxz5z60nMSNB0R-j4b_ldleu_T2X_I"}
RAW INPUT: {"query": "SELECT * FROM users WHERE id = 4", "api_key": "1RFxhYueYjebjUxz5z60nMSNB0R-j4b_ldleu_T2X_I"}
RAW INPUT: {"query": "SELECT * FROM timetable WHERE _day IN ('Monday 05/05/25', 'Tuesday 06/05/25', 'Wednesday 07/05/25', 'Thursday 08/05/25', 'Friday 09/05/25', 'Saturday 10/05/25', 'Sunday 11/05/25') AND club = 'dolphinsc';", "api_key": "1RFxhYueYjebjUxz5z60nMSNB0R-j4b_ldleu_T2X_I"}
RAW INPUT: {"username": "CDoyle", "password": "Cn18012009", "api_key": "1RFxhYueYjebjUxz5z60nMSNB0R-j4b_ldleu_T2X_I"}
RAW INPUT: {"username": "CDoyle", "password": "Cn18012009", "api_key": "1RFxhYueYjebjUxz5z60nMSNB0R-j4b_ldleu_T2X_I"}
RAW INPUT: {"query": "SELECT * FROM users WHERE id = 4", "api_key": "1RFxhYueYjebjUxz5z60nMSNB0R-j4b_ldleu_T2X_I"}
RAW INPUT: {"query": "SELECT * FROM users WHERE id = 4", "api_key": "1RFxhYueYjebjUxz5z60nMSNB0R-j4b_ldleu_T2X_I"}
RAW INPUT: {"query": "SELECT * FROM timetable WHERE _day IN ('Monday 05/05/25', 'Tuesday 06/05/25', 'Wednesday 07/05/25', 'Thursday 08/05/25', 'Friday 09/05/25', 'Saturday 10/05/25', 'Sunday 11/05/25') AND club = 'dolphinsc';", "api_key": "1RFxhYueYjebjUxz5z60nMSNB0R-j4b_ldleu_T2X_I"}
RAW INPUT: {"query": "SELECT * FROM timetable WHERE _day IN ('Monday 05/05/25', 'Tuesday 06/05/25', 'Wednesday 07/05/25', 'Thursday 08/05/25', 'Friday 09/05/25', 'Saturday 10/05/25', 'Sunday 11/05/25') AND club = 'dolphinsc';", "api_key": "1RFxhYueYjebjUxz5z60nMSNB0R-j4b_ldleu_T2X_I"}
RAW INPUT: {"query": "SELECT * FROM timetable WHERE _day IN ('Monday 05/05/25', 'Tuesday 06/05/25', 'Wednesday 07/05/25', 'Thursday 08/05/25', 'Friday 09/05/25', 'Saturday 10/05/25', 'Sunday 11/05/25') AND club = 'dolphinsc';", "api_key": "1RFxhYueYjebjUxz5z60nMSNB0R-j4b_ldleu_T2X_I"}
RAW INPUT: {"username": "CDoyle", "password": "Cn18012009", "api_key": "1RFxhYueYjebjUxz5z60nMSNB0R-j4b_ldleu_T2X_I"}
RAW INPUT: {"query": "SELECT * FROM users WHERE id = 4", "api_key": "1RFxhYueYjebjUxz5z60nMSNB0R-j4b_ldleu_T2X_I"}
RAW INPUT: {"query": "SELECT * FROM timetable WHERE _day IN ('Monday 05/05/25', 'Tuesday 06/05/25', 'Wednesday 07/05/25', 'Thursday 08/05/25', 'Friday 09/05/25', 'Saturday 10/05/25', 'Sunday 11/05/25') AND club = 'dolphinsc';", "api_key": "1RFxhYueYjebjUxz5z60nMSNB0R-j4b_ldleu_T2X_I"}
RAW INPUT: {"username": "CDoyle", "password": "Cn18012009", "api_key": "1RFxhYueYjebjUxz5z60nMSNB0R-j4b_ldleu_T2X_I"}
RAW INPUT: {"query": "SELECT * FROM users WHERE id = 4", "api_key": "1RFxhYueYjebjUxz5z60nMSNB0R-j4b_ldleu_T2X_I"}
RAW INPUT: {"query": "SELECT * FROM users WHERE id = 4", "api_key": "1RFxhYueYjebjUxz5z60nMSNB0R-j4b_ldleu_T2X_I"}
RAW INPUT: {"query": "SELECT * FROM users WHERE id = 4", "api_key": "1RFxhYueYjebjUxz5z60nMSNB0R-j4b_ldleu_T2X_I"}
RAW INPUT: {"query": "SELECT * FROM timetable WHERE _day IN ('Monday 05/05/25', 'Tuesday 06/05/25', 'Wednesday 07/05/25', 'Thursday 08/05/25', 'Friday 09/05/25', 'Saturday 10/05/25', 'Sunday 11/05/25') AND club = 'dolphinsc';", "api_key": "1RFxhYueYjebjUxz5z60nMSNB0R-j4b_ldleu_T2X_I"}
RAW INPUT: {"query": "SELECT * FROM timetable WHERE _day IN ('Monday 05/05/25', 'Tuesday 06/05/25', 'Wednesday 07/05/25', 'Thursday 08/05/25', 'Friday 09/05/25', 'Saturday 10/05/25', 'Sunday 11/05/25') AND club = 'dolphinsc';", "api_key": "1RFxhYueYjebjUxz5z60nMSNB0R-j4b_ldleu_T2X_I"}
RAW INPUT: {"query": "SELECT * FROM timetable WHERE _day IN ('Monday 05/05/25', 'Tuesday 06/05/25', 'Wednesday 07/05/25', 'Thursday 08/05/25', 'Friday 09/05/25', 'Saturday 10/05/25', 'Sunday 11/05/25') AND club = 'dolphinsc';", "api_key": "1RFxhYueYjebjUxz5z60nMSNB0R-j4b_ldleu_T2X_I"}
RAW INPUT: {"username": "CDoyle", "password": "Cn18012009", "api_key": "1RFxhYueYjebjUxz5z60nMSNB0R-j4b_ldleu_T2X_I"}
RAW INPUT: {"query": "SELECT * FROM users WHERE id = 4", "api_key": "1RFxhYueYjebjUxz5z60nMSNB0R-j4b_ldleu_T2X_I"}
RAW INPUT: {"query": "SELECT * FROM timetable WHERE _day IN ('Monday 05/05/25', 'Tuesday 06/05/25', 'Wednesday 07/05/25', 'Thursday 08/05/25', 'Friday 09/05/25', 'Saturday 10/05/25', 'Sunday 11/05/25') AND club = 'dolphinsc';", "api_key": "1RFxhYueYjebjUxz5z60nMSNB0R-j4b_ldleu_T2X_I"}
RAW INPUT: {"query": "SELECT * FROM timetable WHERE _day IN ('Monday 28/04/25', 'Tuesday 29/04/25', 'Wednesday 30/04/25', 'Thursday 01/05/25', 'Friday 02/05/25', 'Saturday 03/05/25', 'Sunday 04/05/25') AND club = 'dolphinsc';", "api_key": "1RFxhYueYjebjUxz5z60nMSNB0R-j4b_ldleu_T2X_I"}
RAW INPUT: {"query": "SELECT * FROM timetable WHERE _day IN ('Monday 05/05/25', 'Tuesday 06/05/25', 'Wednesday 07/05/25', 'Thursday 08/05/25', 'Friday 09/05/25', 'Saturday 10/05/25', 'Sunday 11/05/25') AND club = 'dolphinsc';", "api_key": "1RFxhYueYjebjUxz5z60nMSNB0R-j4b_ldleu_T2X_I"}
RAW INPUT: {"query": "SELECT * FROM timetable WHERE _day IN ('Monday 05/05/25', 'Tuesday 06/05/25', 'Wednesday 07/05/25', 'Thursday 08/05/25', 'Friday 09/05/25', 'Saturday 10/05/25', 'Sunday 11/05/25') AND club = 'dolphinsc';", "api_key": "1RFxhYueYjebjUxz5z60nMSNB0R-j4b_ldleu_T2X_I"}
RAW INPUT: {"username": "CDoyle", "password": "Cn18012009", "api_key": "1RFxhYueYjebjUxz5z60nMSNB0R-j4b_ldleu_T2X_I"}
RAW INPUT: {"query": "SELECT * FROM users WHERE id = 4", "api_key": "1RFxhYueYjebjUxz5z60nMSNB0R-j4b_ldleu_T2X_I"}
RAW INPUT: {"query": "SELECT * FROM timetable WHERE _day IN ('Monday 05/05/25', 'Tuesday 06/05/25', 'Wednesday 07/05/25', 'Thursday 08/05/25', 'Friday 09/05/25', 'Saturday 10/05/25', 'Sunday 11/05/25') AND club = 'dolphinsc';", "api_key": "1RFxhYueYjebjUxz5z60nMSNB0R-j4b_ldleu_T2X_I"}
RAW INPUT: {"query": "SELECT * FROM timetable WHERE _day IN ('Monday 05/05/25', 'Tuesday 06/05/25', 'Wednesday 07/05/25', 'Thursday 08/05/25', 'Friday 09/05/25', 'Saturday 10/05/25', 'Sunday 11/05/25') AND club = 'dolphinsc';", "api_key": "1RFxhYueYjebjUxz5z60nMSNB0R-j4b_ldleu_T2X_I"}
RAW INPUT: {"query": "SELECT * FROM timetable WHERE _day IN ('Monday 05/05/25', 'Tuesday 06/05/25', 'Wednesday 07/05/25', 'Thursday 08/05/25', 'Friday 09/05/25', 'Saturday 10/05/25', 'Sunday 11/05/25') AND club = 'dolphinsc';", "api_key": "1RFxhYueYjebjUxz5z60nMSNB0R-j4b_ldleu_T2X_I"}
RAW INPUT: {"username": "CDoyle", "password": "Cn18012009", "api_key": "1RFxhYueYjebjUxz5z60nMSNB0R-j4b_ldleu_T2X_I"}
RAW INPUT: {"query": "SELECT * FROM users WHERE id = 4", "api_key": "1RFxhYueYjebjUxz5z60nMSNB0R-j4b_ldleu_T2X_I"}
RAW INPUT: {"query": "SELECT * FROM timetable WHERE _day IN ('Monday 05/05/25', 'Tuesday 06/05/25', 'Wednesday 07/05/25', 'Thursday 08/05/25', 'Friday 09/05/25', 'Saturday 10/05/25', 'Sunday 11/05/25') AND club = 'dolphinsc';", "api_key": "1RFxhYueYjebjUxz5z60nMSNB0R-j4b_ldleu_T2X_I"}
RAW INPUT: {"username": "CDoyle", "password": "Cn18012009", "api_key": "1RFxhYueYjebjUxz5z60nMSNB0R-j4b_ldleu_T2X_I"}
RAW INPUT: {"query": "SELECT * FROM users WHERE id = 4", "api_key": "1RFxhYueYjebjUxz5z60nMSNB0R-j4b_ldleu_T2X_I"}
RAW INPUT: {"query": "SELECT * FROM timetable WHERE _day IN ('Monday 05/05/25', 'Tuesday 06/05/25', 'Wednesday 07/05/25', 'Thursday 08/05/25', 'Friday 09/05/25', 'Saturday 10/05/25', 'Sunday 11/05/25') AND club = 'dolphinsc';", "api_key": "1RFxhYueYjebjUxz5z60nMSNB0R-j4b_ldleu_T2X_I"}
RAW INPUT: {"username": "CDoyle", "password": "Cn18012009", "api_key": "1RFxhYueYjebjUxz5z60nMSNB0R-j4b_ldleu_T2X_I"}
RAW INPUT: {"query": "SELECT * FROM users WHERE id = 4", "api_key": "1RFxhYueYjebjUxz5z60nMSNB0R-j4b_ldleu_T2X_I"}
RAW INPUT: {"query": "SELECT * FROM timetable WHERE _day IN ('Monday 05/05/25', 'Tuesday 06/05/25', 'Wednesday 07/05/25', 'Thursday 08/05/25', 'Friday 09/05/25', 'Saturday 10/05/25', 'Sunday 11/05/25') AND club = 'dolphinsc';", "api_key": "1RFxhYueYjebjUxz5z60nMSNB0R-j4b_ldleu_T2X_I"}
RAW INPUT: {"username": "CDoyle", "password": "Cn18012009", "api_key": "1RFxhYueYjebjUxz5z60nMSNB0R-j4b_ldleu_T2X_I"}
RAW INPUT: {"query": "SELECT * FROM users WHERE id = 4", "api_key": "1RFxhYueYjebjUxz5z60nMSNB0R-j4b_ldleu_T2X_I"}
RAW INPUT: {"query": "SELECT * FROM timetable WHERE _day IN ('Monday 05/05/25', 'Tuesday 06/05/25', 'Wednesday 07/05/25', 'Thursday 08/05/25', 'Friday 09/05/25', 'Saturday 10/05/25', 'Sunday 11/05/25') AND club = 'dolphinsc';", "api_key": "1RFxhYueYjebjUxz5z60nMSNB0R-j4b_ldleu_T2X_I"}
RAW INPUT: {"username": "CDoyle", "password": "Cn18012009", "api_key": "1RFxhYueYjebjUxz5z60nMSNB0R-j4b_ldleu_T2X_I"}
RAW INPUT: {"query": "SELECT * FROM users WHERE id = 4", "api_key": "1RFxhYueYjebjUxz5z60nMSNB0R-j4b_ldleu_T2X_I"}
RAW INPUT: {"query": "SELECT * FROM timetable WHERE _day IN ('Monday 05/05/25', 'Tuesday 06/05/25', 'Wednesday 07/05/25', 'Thursday 08/05/25', 'Friday 09/05/25', 'Saturday 10/05/25', 'Sunday 11/05/25') AND club = 'dolphinsc';", "api_key": "1RFxhYueYjebjUxz5z60nMSNB0R-j4b_ldleu_T2X_I"}
RAW INPUT: {"username": "CDoyle", "password": "Cn18012009", "api_key": "1RFxhYueYjebjUxz5z60nMSNB0R-j4b_ldleu_T2X_I"}
RAW INPUT: {"query": "SELECT * FROM users WHERE id = 4", "api_key": "1RFxhYueYjebjUxz5z60nMSNB0R-j4b_ldleu_T2X_I"}
RAW INPUT: {"query": "SELECT * FROM timetable WHERE _day IN ('Monday 05/05/25', 'Tuesday 06/05/25', 'Wednesday 07/05/25', 'Thursday 08/05/25', 'Friday 09/05/25', 'Saturday 10/05/25', 'Sunday 11/05/25') AND club = 'dolphinsc';", "api_key": "1RFxhYueYjebjUxz5z60nMSNB0R-j4b_ldleu_T2X_I"}
RAW INPUT: {"username": "CDoyle", "password": "Cn18012009", "api_key": "1RFxhYueYjebjUxz5z60nMSNB0R-j4b_ldleu_T2X_I"}
RAW INPUT: {"query": "SELECT * FROM users WHERE id = 4", "api_key": "1RFxhYueYjebjUxz5z60nMSNB0R-j4b_ldleu_T2X_I"}
RAW INPUT: {"query": "SELECT * FROM timetable WHERE _day IN ('Monday 05/05/25', 'Tuesday 06/05/25', 'Wednesday 07/05/25', 'Thursday 08/05/25', 'Friday 09/05/25', 'Saturday 10/05/25', 'Sunday 11/05/25') AND club = 'dolphinsc';", "api_key": "1RFxhYueYjebjUxz5z60nMSNB0R-j4b_ldleu_T2X_I"}
RAW INPUT: {"username": "CDoyle", "password": "Cn18012009", "api_key": "1RFxhYueYjebjUxz5z60nMSNB0R-j4b_ldleu_T2X_I"}
RAW INPUT: {"query": "SELECT * FROM users WHERE id = 4", "api_key": "1RFxhYueYjebjUxz5z60nMSNB0R-j4b_ldleu_T2X_I"}
RAW INPUT: {"query": "SELECT * FROM timetable WHERE _day IN ('Monday 05/05/25', 'Tuesday 06/05/25', 'Wednesday 07/05/25', 'Thursday 08/05/25', 'Friday 09/05/25', 'Saturday 10/05/25', 'Sunday 11/05/25') AND club = 'dolphinsc';", "api_key": "1RFxhYueYjebjUxz5z60nMSNB0R-j4b_ldleu_T2X_I"}
RAW INPUT: {"username": "CDoyle", "password": "Cn18012009", "api_key": "1RFxhYueYjebjUxz5z60nMSNB0R-j4b_ldleu_T2X_I"}
RAW INPUT: {"query": "SELECT * FROM users WHERE id = 4", "api_key": "1RFxhYueYjebjUxz5z60nMSNB0R-j4b_ldleu_T2X_I"}
RAW INPUT: {"query": "SELECT * FROM timetable WHERE _day IN ('Monday 05/05/25', 'Tuesday 06/05/25', 'Wednesday 07/05/25', 'Thursday 08/05/25', 'Friday 09/05/25', 'Saturday 10/05/25', 'Sunday 11/05/25') AND club = 'dolphinsc';", "api_key": "1RFxhYueYjebjUxz5z60nMSNB0R-j4b_ldleu_T2X_I"}
RAW INPUT: {"username": "CDoyle", "password": "Cn18012009", "api_key": "1RFxhYueYjebjUxz5z60nMSNB0R-j4b_ldleu_T2X_I"}
RAW INPUT: {"query": "SELECT * FROM users WHERE id = 4", "api_key": "1RFxhYueYjebjUxz5z60nMSNB0R-j4b_ldleu_T2X_I"}
RAW INPUT: {"query": "SELECT * FROM timetable WHERE _day IN ('Monday 05/05/25', 'Tuesday 06/05/25', 'Wednesday 07/05/25', 'Thursday 08/05/25', 'Friday 09/05/25', 'Saturday 10/05/25', 'Sunday 11/05/25') AND club = 'dolphinsc';", "api_key": "1RFxhYueYjebjUxz5z60nMSNB0R-j4b_ldleu_T2X_I"}
RAW INPUT: {"username": "CDoyle", "password": "Cn18012009", "api_key": "1RFxhYueYjebjUxz5z60nMSNB0R-j4b_ldleu_T2X_I"}
RAW INPUT: {"query": "SELECT * FROM users WHERE id = 4", "api_key": "1RFxhYueYjebjUxz5z60nMSNB0R-j4b_ldleu_T2X_I"}
RAW INPUT: {"query": "SELECT * FROM timetable WHERE _day IN ('Monday 05/05/25', 'Tuesday 06/05/25', 'Wednesday 07/05/25', 'Thursday 08/05/25', 'Friday 09/05/25', 'Saturday 10/05/25', 'Sunday 11/05/25') AND club = 'dolphinsc';", "api_key": "1RFxhYueYjebjUxz5z60nMSNB0R-j4b_ldleu_T2X_I"}
RAW INPUT: {"username": "CDoyle", "password": "Cn18012009", "api_key": "1RFxhYueYjebjUxz5z60nMSNB0R-j4b_ldleu_T2X_I"}
RAW INPUT: {"query": "SELECT * FROM users WHERE id = 4", "api_key": "1RFxhYueYjebjUxz5z60nMSNB0R-j4b_ldleu_T2X_I"}
RAW INPUT: {"query": "SELECT * FROM timetable WHERE _day IN ('Monday 05/05/25', 'Tuesday 06/05/25', 'Wednesday 07/05/25', 'Thursday 08/05/25', 'Friday 09/05/25', 'Saturday 10/05/25', 'Sunday 11/05/25') AND club = 'dolphinsc';", "api_key": "1RFxhYueYjebjUxz5z60nMSNB0R-j4b_ldleu_T2X_I"}
RAW INPUT: {"username": "CDoyle", "password": "Cn18012009", "api_key": "1RFxhYueYjebjUxz5z60nMSNB0R-j4b_ldleu_T2X_I"}
RAW INPUT: {"query": "SELECT * FROM users WHERE id = 4", "api_key": "1RFxhYueYjebjUxz5z60nMSNB0R-j4b_ldleu_T2X_I"}
RAW INPUT: {"query": "SELECT * FROM timetable WHERE _day IN ('Monday 05/05/25', 'Tuesday 06/05/25', 'Wednesday 07/05/25', 'Thursday 08/05/25', 'Friday 09/05/25', 'Saturday 10/05/25', 'Sunday 11/05/25') AND club = 'dolphinsc';", "api_key": "1RFxhYueYjebjUxz5z60nMSNB0R-j4b_ldleu_T2X_I"}
RAW INPUT: {"username": "CDoyle", "password": "Cn18012009", "api_key": "1RFxhYueYjebjUxz5z60nMSNB0R-j4b_ldleu_T2X_I"}
RAW INPUT: {"query": "SELECT * FROM users WHERE id = 4", "api_key": "1RFxhYueYjebjUxz5z60nMSNB0R-j4b_ldleu_T2X_I"}
RAW INPUT: {"query": "SELECT * FROM timetable WHERE _day IN ('Monday 05/05/25', 'Tuesday 06/05/25', 'Wednesday 07/05/25', 'Thursday 08/05/25', 'Friday 09/05/25', 'Saturday 10/05/25', 'Sunday 11/05/25') AND club = 'dolphinsc';", "api_key": "1RFxhYueYjebjUxz5z60nMSNB0R-j4b_ldleu_T2X_I"}
RAW INPUT: {"query": "SELECT * FROM timetable WHERE _day IN ('Monday 05/05/25', 'Tuesday 06/05/25', 'Wednesday 07/05/25', 'Thursday 08/05/25', 'Friday 09/05/25', 'Saturday 10/05/25', 'Sunday 11/05/25') AND club = 'dolphinsc';", "api_key": "1RFxhYueYjebjUxz5z60nMSNB0R-j4b_ldleu_T2X_I"}
RAW INPUT: {"query": "SELECT * FROM timetable WHERE _day IN ('Monday 05/05/25', 'Tuesday 06/05/25', 'Wednesday 07/05/25', 'Thursday 08/05/25', 'Friday 09/05/25', 'Saturday 10/05/25', 'Sunday 11/05/25') AND club = 'dolphinsc';", "api_key": "1RFxhYueYjebjUxz5z60nMSNB0R-j4b_ldleu_T2X_I"}
RAW INPUT: {"query": "SELECT * FROM timetable WHERE _day IN ('Monday 12/05/25', 'Tuesday 13/05/25', 'Wednesday 14/05/25', 'Thursday 15/05/25', 'Friday 16/05/25', 'Saturday 17/05/25', 'Sunday 18/05/25') AND club = 'dolphinsc';", "api_key": "1RFxhYueYjebjUxz5z60nMSNB0R-j4b_ldleu_T2X_I"}
RAW INPUT: {"query": "SELECT * FROM timetable WHERE _day IN ('Monday 05/05/25', 'Tuesday 06/05/25', 'Wednesday 07/05/25', 'Thursday 08/05/25', 'Friday 09/05/25', 'Saturday 10/05/25', 'Sunday 11/05/25') AND club = 'dolphinsc';", "api_key": "1RFxhYueYjebjUxz5z60nMSNB0R-j4b_ldleu_T2X_I"}
RAW INPUT: {"username": "CDoyle", "password": "Cn18012009", "api_key": "1RFxhYueYjebjUxz5z60nMSNB0R-j4b_ldleu_T2X_I"}
RAW INPUT: {"query": "SELECT * FROM users WHERE id = 4", "api_key": "1RFxhYueYjebjUxz5z60nMSNB0R-j4b_ldleu_T2X_I"}
RAW INPUT: {"query": "SELECT * FROM timetable WHERE _day IN ('Monday 05/05/25', 'Tuesday 06/05/25', 'Wednesday 07/05/25', 'Thursday 08/05/25', 'Friday 09/05/25', 'Saturday 10/05/25', 'Sunday 11/05/25') AND club = 'dolphinsc';", "api_key": "1RFxhYueYjebjUxz5z60nMSNB0R-j4b_ldleu_T2X_I"}
RAW INPUT: {"username": "CDoyle", "password": "Cn18012009", "api_key": "1RFxhYueYjebjUxz5z60nMSNB0R-j4b_ldleu_T2X_I"}
RAW INPUT: {"query": "SELECT * FROM users WHERE id = 4", "api_key": "1RFxhYueYjebjUxz5z60nMSNB0R-j4b_ldleu_T2X_I"}
RAW INPUT: {"username": "CDoyle", "password": "Cn18012009", "api_key": "1RFxhYueYjebjUxz5z60nMSNB0R-j4b_ldleu_T2X_I"}
RAW INPUT: {"query": "SELECT * FROM users WHERE id = 4", "api_key": "1RFxhYueYjebjUxz5z60nMSNB0R-j4b_ldleu_T2X_I"}
RAW INPUT: {"username": "CDoyle", "password": "Cn18012009", "api_key": "1RFxhYueYjebjUxz5z60nMSNB0R-j4b_ldleu_T2X_I"}
RAW INPUT: {"query": "SELECT * FROM users WHERE id = 4", "api_key": "1RFxhYueYjebjUxz5z60nMSNB0R-j4b_ldleu_T2X_I"}
RAW INPUT: {"query": "SELECT * FROM timetable WHERE _day IN ('Monday 05/05/25', 'Tuesday 06/05/25', 'Wednesday 07/05/25', 'Thursday 08/05/25', 'Friday 09/05/25', 'Saturday 10/05/25', 'Sunday 11/05/25') AND club = 'dolphinsc';", "api_key": "1RFxhYueYjebjUxz5z60nMSNB0R-j4b_ldleu_T2X_I"}
RAW INPUT: {"username": "CDoyle", "password": "Cn18012009", "api_key": "1RFxhYueYjebjUxz5z60nMSNB0R-j4b_ldleu_T2X_I"}
RAW INPUT: {"query": "SELECT * FROM users WHERE id = 4", "api_key": "1RFxhYueYjebjUxz5z60nMSNB0R-j4b_ldleu_T2X_I"}
RAW INPUT: {"query": "SELECT * FROM timetable WHERE _day IN ('Monday 05/05/25', 'Tuesday 06/05/25', 'Wednesday 07/05/25', 'Thursday 08/05/25', 'Friday 09/05/25', 'Saturday 10/05/25', 'Sunday 11/05/25') AND club = 'dolphinsc';", "api_key": "1RFxhYueYjebjUxz5z60nMSNB0R-j4b_ldleu_T2X_I"}
RAW INPUT: {"username": "CDoyle", "password": "Cn18012009", "api_key": "1RFxhYueYjebjUxz5z60nMSNB0R-j4b_ldleu_T2X_I"}
RAW INPUT: {"query": "SELECT * FROM users WHERE id = 4", "api_key": "1RFxhYueYjebjUxz5z60nMSNB0R-j4b_ldleu_T2X_I"}
RAW INPUT: {"query": "SELECT * FROM timetable WHERE _day IN ('Monday 05/05/25', 'Tuesday 06/05/25', 'Wednesday 07/05/25', 'Thursday 08/05/25', 'Friday 09/05/25', 'Saturday 10/05/25', 'Sunday 11/05/25') AND club = 'dolphinsc';", "api_key": "1RFxhYueYjebjUxz5z60nMSNB0R-j4b_ldleu_T2X_I"}
RAW INPUT: {"query": "SELECT * FROM timetable WHERE _day IN ('Monday 05/05/25', 'Tuesday 06/05/25', 'Wednesday 07/05/25', 'Thursday 08/05/25', 'Friday 09/05/25', 'Saturday 10/05/25', 'Sunday 11/05/25') AND club = 'dolphinsc';", "api_key": "1RFxhYueYjebjUxz5z60nMSNB0R-j4b_ldleu_T2X_I"}
RAW INPUT: {"username": "CDoyle", "password": "Cn18012009", "api_key": "1RFxhYueYjebjUxz5z60nMSNB0R-j4b_ldleu_T2X_I"}
RAW INPUT: {"query": "SELECT * FROM users WHERE id = 4", "api_key": "1RFxhYueYjebjUxz5z60nMSNB0R-j4b_ldleu_T2X_I"}
RAW INPUT: {"query": "SELECT * FROM timetable WHERE _day IN ('Monday 05/05/25', 'Tuesday 06/05/25', 'Wednesday 07/05/25', 'Thursday 08/05/25', 'Friday 09/05/25', 'Saturday 10/05/25', 'Sunday 11/05/25') AND club = 'dolphinsc';", "api_key": "1RFxhYueYjebjUxz5z60nMSNB0R-j4b_ldleu_T2X_I"}
RAW INPUT: {"query": "SELECT * FROM timetable WHERE _day IN ('Monday 12/05/25', 'Tuesday 13/05/25', 'Wednesday 14/05/25', 'Thursday 15/05/25', 'Friday 16/05/25', 'Saturday 17/05/25', 'Sunday 18/05/25') AND club = 'dolphinsc';", "api_key": "1RFxhYueYjebjUxz5z60nMSNB0R-j4b_ldleu_T2X_I"}
RAW INPUT: {"query": "SELECT * FROM timetable WHERE _day IN ('Monday 05/05/25', 'Tuesday 06/05/25', 'Wednesday 07/05/25', 'Thursday 08/05/25', 'Friday 09/05/25', 'Saturday 10/05/25', 'Sunday 11/05/25') AND club = 'dolphinsc';", "api_key": "1RFxhYueYjebjUxz5z60nMSNB0R-j4b_ldleu_T2X_I"}
RAW INPUT: {"username": "CDoyle", "password": "Cn18012009", "api_key": "1RFxhYueYjebjUxz5z60nMSNB0R-j4b_ldleu_T2X_I"}
RAW INPUT: {"query": "SELECT * FROM users WHERE id = 4", "api_key": "1RFxhYueYjebjUxz5z60nMSNB0R-j4b_ldleu_T2X_I"}
RAW INPUT: {"query": "SELECT * FROM timetable WHERE _day IN ('Monday 05/05/25', 'Tuesday 06/05/25', 'Wednesday 07/05/25', 'Thursday 08/05/25', 'Friday 09/05/25', 'Saturday 10/05/25', 'Sunday 11/05/25') AND club = 'dolphinsc';", "api_key": "1RFxhYueYjebjUxz5z60nMSNB0R-j4b_ldleu_T2X_I"}
RAW INPUT: {"query": "SELECT * FROM timetable WHERE _day IN ('Monday 12/05/25', 'Tuesday 13/05/25', 'Wednesday 14/05/25', 'Thursday 15/05/25', 'Friday 16/05/25', 'Saturday 17/05/25', 'Sunday 18/05/25') AND club = 'dolphinsc';", "api_key": "1RFxhYueYjebjUxz5z60nMSNB0R-j4b_ldleu_T2X_I"}
RAW INPUT: {"query": "SELECT * FROM timetable WHERE _day IN ('Monday 05/05/25', 'Tuesday 06/05/25', 'Wednesday 07/05/25', 'Thursday 08/05/25', 'Friday 09/05/25', 'Saturday 10/05/25', 'Sunday 11/05/25') AND club = 'dolphinsc';", "api_key": "1RFxhYueYjebjUxz5z60nMSNB0R-j4b_ldleu_T2X_I"}
RAW INPUT: {"username": "CDoyle", "password": "Cn18012009", "api_key": "1RFxhYueYjebjUxz5z60nMSNB0R-j4b_ldleu_T2X_I"}
RAW INPUT: {"query": "SELECT * FROM users WHERE id = 4", "api_key": "1RFxhYueYjebjUxz5z60nMSNB0R-j4b_ldleu_T2X_I"}
RAW INPUT: {"query": "SELECT * FROM timetable WHERE _day IN ('Monday 12/05/25', 'Tuesday 13/05/25', 'Wednesday 14/05/25', 'Thursday 15/05/25', 'Friday 16/05/25', 'Saturday 17/05/25', 'Sunday 18/05/25') AND club = 'dolphinsc';", "api_key": "1RFxhYueYjebjUxz5z60nMSNB0R-j4b_ldleu_T2X_I"}
RAW INPUT: {"query": "SELECT * FROM timetable WHERE _day IN ('Monday 19/05/25', 'Tuesday 20/05/25', 'Wednesday 21/05/25', 'Thursday 22/05/25', 'Friday 23/05/25', 'Saturday 24/05/25', 'Sunday 25/05/25') AND club = 'dolphinsc';", "api_key": "1RFxhYueYjebjUxz5z60nMSNB0R-j4b_ldleu_T2X_I"}
RAW INPUT: {"query": "SELECT * FROM timetable WHERE _day IN ('Monday 12/05/25', 'Tuesday 13/05/25', 'Wednesday 14/05/25', 'Thursday 15/05/25', 'Friday 16/05/25', 'Saturday 17/05/25', 'Sunday 18/05/25') AND club = 'dolphinsc';", "api_key": "1RFxhYueYjebjUxz5z60nMSNB0R-j4b_ldleu_T2X_I"}
RAW INPUT: {"username": "CDoyle", "password": "Cn18012009", "api_key": "1RFxhYueYjebjUxz5z60nMSNB0R-j4b_ldleu_T2X_I"}
RAW INPUT: {"query": "SELECT * FROM users WHERE id = 4", "api_key": "1RFxhYueYjebjUxz5z60nMSNB0R-j4b_ldleu_T2X_I"}
RAW INPUT: {"query": "SELECT * FROM timetable WHERE _day IN ('Monday 12/05/25', 'Tuesday 13/05/25', 'Wednesday 14/05/25', 'Thursday 15/05/25', 'Friday 16/05/25', 'Saturday 17/05/25', 'Sunday 18/05/25') AND club = 'dolphinsc';", "api_key": "1RFxhYueYjebjUxz5z60nMSNB0R-j4b_ldleu_T2X_I"}
RAW INPUT: {"username": "CDoyle", "password": "Cn18012009", "api_key": "1RFxhYueYjebjUxz5z60nMSNB0R-j4b_ldleu_T2X_I"}
RAW INPUT: {"query": "SELECT * FROM users WHERE id = 4", "api_key": "1RFxhYueYjebjUxz5z60nMSNB0R-j4b_ldleu_T2X_I"}
RAW INPUT: {"query": "SELECT * FROM timetable WHERE _day IN ('Monday 12/05/25', 'Tuesday 13/05/25', 'Wednesday 14/05/25', 'Thursday 15/05/25', 'Friday 16/05/25', 'Saturday 17/05/25', 'Sunday 18/05/25') AND club = 'dolphinsc';", "api_key": "1RFxhYueYjebjUxz5z60nMSNB0R-j4b_ldleu_T2X_I"}
RAW INPUT: {"username": "CDoyle", "password": "Cn18012009", "api_key": "1RFxhYueYjebjUxz5z60nMSNB0R-j4b_ldleu_T2X_I"}
RAW INPUT: {"query": "SELECT * FROM users WHERE id = 4", "api_key": "1RFxhYueYjebjUxz5z60nMSNB0R-j4b_ldleu_T2X_I"}
RAW INPUT: {"query": "SELECT * FROM timetable WHERE _day IN ('Monday 12/05/25', 'Tuesday 13/05/25', 'Wednesday 14/05/25', 'Thursday 15/05/25', 'Friday 16/05/25', 'Saturday 17/05/25', 'Sunday 18/05/25') AND club = 'dolphinsc';", "api_key": "1RFxhYueYjebjUxz5z60nMSNB0R-j4b_ldleu_T2X_I"}
RAW INPUT: {"username": "CDoyle", "password": "Cn18012009", "api_key": "1RFxhYueYjebjUxz5z60nMSNB0R-j4b_ldleu_T2X_I"}
RAW INPUT: {"query": "SELECT * FROM users WHERE id = 4", "api_key": "1RFxhYueYjebjUxz5z60nMSNB0R-j4b_ldleu_T2X_I"}
RAW INPUT: {"query": "SELECT * FROM timetable WHERE _day IN ('Monday 12/05/25', 'Tuesday 13/05/25', 'Wednesday 14/05/25', 'Thursday 15/05/25', 'Friday 16/05/25', 'Saturday 17/05/25', 'Sunday 18/05/25') AND club = 'dolphinsc';", "api_key": "1RFxhYueYjebjUxz5z60nMSNB0R-j4b_ldleu_T2X_I"}
RAW INPUT: {"username": "CDoyle", "password": "Cn18012009", "api_key": "1RFxhYueYjebjUxz5z60nMSNB0R-j4b_ldleu_T2X_I"}
RAW INPUT: {"query": "SELECT * FROM users WHERE id = 4", "api_key": "1RFxhYueYjebjUxz5z60nMSNB0R-j4b_ldleu_T2X_I"}
RAW INPUT: {"query": "SELECT * FROM timetable WHERE _day IN ('Monday 12/05/25', 'Tuesday 13/05/25', 'Wednesday 14/05/25', 'Thursday 15/05/25', 'Friday 16/05/25', 'Saturday 17/05/25', 'Sunday 18/05/25') AND club = 'dolphinsc';", "api_key": "1RFxhYueYjebjUxz5z60nMSNB0R-j4b_ldleu_T2X_I"}
RAW INPUT: {"username": "CDoyle", "password": "Cn18012009", "api_key": "1RFxhYueYjebjUxz5z60nMSNB0R-j4b_ldleu_T2X_I"}
RAW INPUT: {"query": "SELECT * FROM users WHERE id = 4", "api_key": "1RFxhYueYjebjUxz5z60nMSNB0R-j4b_ldleu_T2X_I"}
RAW INPUT: {"query": "SELECT * FROM timetable WHERE _day IN ('Monday 12/05/25', 'Tuesday 13/05/25', 'Wednesday 14/05/25', 'Thursday 15/05/25', 'Friday 16/05/25', 'Saturday 17/05/25', 'Sunday 18/05/25') AND club = 'dolphinsc';", "api_key": "1RFxhYueYjebjUxz5z60nMSNB0R-j4b_ldleu_T2X_I"}
RAW INPUT: {"username": "CDoyle", "password": "Cn18012009", "api_key": "1RFxhYueYjebjUxz5z60nMSNB0R-j4b_ldleu_T2X_I"}
RAW INPUT: {"query": "SELECT * FROM users WHERE id = 4", "api_key": "1RFxhYueYjebjUxz5z60nMSNB0R-j4b_ldleu_T2X_I"}
RAW INPUT: {"query": "SELECT * FROM timetable WHERE _day IN ('Monday 12/05/25', 'Tuesday 13/05/25', 'Wednesday 14/05/25', 'Thursday 15/05/25', 'Friday 16/05/25', 'Saturday 17/05/25', 'Sunday 18/05/25') AND club = 'dolphinsc';", "api_key": "1RFxhYueYjebjUxz5z60nMSNB0R-j4b_ldleu_T2X_I"}
RAW INPUT: {"username": "CDoyle", "password": "Cn18012009", "api_key": "1RFxhYueYjebjUxz5z60nMSNB0R-j4b_ldleu_T2X_I"}
RAW INPUT: {"query": "SELECT * FROM users WHERE id = 4", "api_key": "1RFxhYueYjebjUxz5z60nMSNB0R-j4b_ldleu_T2X_I"}
RAW INPUT: {"query": "SELECT * FROM timetable WHERE _day IN ('Monday 12/05/25', 'Tuesday 13/05/25', 'Wednesday 14/05/25', 'Thursday 15/05/25', 'Friday 16/05/25', 'Saturday 17/05/25', 'Sunday 18/05/25') AND club = 'dolphinsc';", "api_key": "1RFxhYueYjebjUxz5z60nMSNB0R-j4b_ldleu_T2X_I"}
RAW INPUT: {"username": "CDoyle", "password": "Cn18012009", "api_key": "1RFxhYueYjebjUxz5z60nMSNB0R-j4b_ldleu_T2X_I"}
RAW INPUT: {"query": "SELECT * FROM users WHERE id = 4", "api_key": "1RFxhYueYjebjUxz5z60nMSNB0R-j4b_ldleu_T2X_I"}
RAW INPUT: {"query": "SELECT * FROM timetable WHERE _day IN ('Monday 12/05/25', 'Tuesday 13/05/25', 'Wednesday 14/05/25', 'Thursday 15/05/25', 'Friday 16/05/25', 'Saturday 17/05/25', 'Sunday 18/05/25') AND club = 'dolphinsc';", "api_key": "1RFxhYueYjebjUxz5z60nMSNB0R-j4b_ldleu_T2X_I"}
RAW INPUT: {"username": "CDoyle", "password": "Cn18012009", "api_key": "1RFxhYueYjebjUxz5z60nMSNB0R-j4b_ldleu_T2X_I"}
RAW INPUT: {"query": "SELECT * FROM users WHERE id = 4", "api_key": "1RFxhYueYjebjUxz5z60nMSNB0R-j4b_ldleu_T2X_I"}
RAW INPUT: {"query": "SELECT * FROM timetable WHERE _day IN ('Monday 12/05/25', 'Tuesday 13/05/25', 'Wednesday 14/05/25', 'Thursday 15/05/25', 'Friday 16/05/25', 'Saturday 17/05/25', 'Sunday 18/05/25') AND club = 'dolphinsc';", "api_key": "1RFxhYueYjebjUxz5z60nMSNB0R-j4b_ldleu_T2X_I"}
RAW INPUT: {"username": "CDoyle", "password": "Cn18012009", "api_key": "1RFxhYueYjebjUxz5z60nMSNB0R-j4b_ldleu_T2X_I"}
RAW INPUT: {"query": "SELECT * FROM users WHERE id = 4", "api_key": "1RFxhYueYjebjUxz5z60nMSNB0R-j4b_ldleu_T2X_I"}
RAW INPUT: {"query": "SELECT * FROM timetable WHERE _day IN ('Monday 12/05/25', 'Tuesday 13/05/25', 'Wednesday 14/05/25', 'Thursday 15/05/25', 'Friday 16/05/25', 'Saturday 17/05/25', 'Sunday 18/05/25') AND club = 'dolphinsc';", "api_key": "1RFxhYueYjebjUxz5z60nMSNB0R-j4b_ldleu_T2X_I"}
RAW INPUT: {"username": "CDoyle", "password": "Cn18012009", "api_key": "1RFxhYueYjebjUxz5z60nMSNB0R-j4b_ldleu_T2X_I"}
RAW INPUT: {"query": "SELECT * FROM users WHERE id = 4", "api_key": "1RFxhYueYjebjUxz5z60nMSNB0R-j4b_ldleu_T2X_I"}
RAW INPUT: {"query": "SELECT * FROM timetable WHERE _day IN ('Monday 12/05/25', 'Tuesday 13/05/25', 'Wednesday 14/05/25', 'Thursday 15/05/25', 'Friday 16/05/25', 'Saturday 17/05/25', 'Sunday 18/05/25') AND club = 'dolphinsc';", "api_key": "1RFxhYueYjebjUxz5z60nMSNB0R-j4b_ldleu_T2X_I"}
RAW INPUT: {"username": "CDoyle", "password": "Cn18012009", "api_key": "1RFxhYueYjebjUxz5z60nMSNB0R-j4b_ldleu_T2X_I"}
RAW INPUT: {"query": "SELECT * FROM users WHERE id = 4", "api_key": "1RFxhYueYjebjUxz5z60nMSNB0R-j4b_ldleu_T2X_I"}
RAW INPUT: {"query": "SELECT * FROM timetable WHERE _day IN ('Monday 12/05/25', 'Tuesday 13/05/25', 'Wednesday 14/05/25', 'Thursday 15/05/25', 'Friday 16/05/25', 'Saturday 17/05/25', 'Sunday 18/05/25') AND club = 'dolphinsc';", "api_key": "1RFxhYueYjebjUxz5z60nMSNB0R-j4b_ldleu_T2X_I"}
RAW INPUT: {"query": "SELECT * FROM timetable WHERE _day IN ('Monday 19/05/25', 'Tuesday 20/05/25', 'Wednesday 21/05/25', 'Thursday 22/05/25', 'Friday 23/05/25', 'Saturday 24/05/25', 'Sunday 25/05/25') AND club = 'dolphinsc';", "api_key": "1RFxhYueYjebjUxz5z60nMSNB0R-j4b_ldleu_T2X_I"}
RAW INPUT: {"query": "SELECT * FROM timetable WHERE _day IN ('Monday 12/05/25', 'Tuesday 13/05/25', 'Wednesday 14/05/25', 'Thursday 15/05/25', 'Friday 16/05/25', 'Saturday 17/05/25', 'Sunday 18/05/25') AND club = 'dolphinsc';", "api_key": "1RFxhYueYjebjUxz5z60nMSNB0R-j4b_ldleu_T2X_I"}
RAW INPUT: {"query": "SELECT * FROM timetable WHERE _day IN ('Monday 12/05/25', 'Tuesday 13/05/25', 'Wednesday 14/05/25', 'Thursday 15/05/25', 'Friday 16/05/25', 'Saturday 17/05/25', 'Sunday 18/05/25') AND club = 'dolphinsc';", "api_key": "1RFxhYueYjebjUxz5z60nMSNB0R-j4b_ldleu_T2X_I"}
RAW INPUT: {"query": "SELECT * FROM timetable WHERE _day IN ('Monday 12/05/25', 'Tuesday 13/05/25', 'Wednesday 14/05/25', 'Thursday 15/05/25', 'Friday 16/05/25', 'Saturday 17/05/25', 'Sunday 18/05/25') AND club = 'dolphinsc';", "api_key": "1RFxhYueYjebjUxz5z60nMSNB0R-j4b_ldleu_T2X_I"}
RAW INPUT: {"username": "CDoyle", "password": "Cn18012009", "api_key": "1RFxhYueYjebjUxz5z60nMSNB0R-j4b_ldleu_T2X_I"}
RAW INPUT: {"query": "SELECT * FROM users WHERE id = 4", "api_key": "1RFxhYueYjebjUxz5z60nMSNB0R-j4b_ldleu_T2X_I"}
RAW INPUT: {"query": "SELECT * FROM timetable WHERE _day IN ('Monday 12/05/25', 'Tuesday 13/05/25', 'Wednesday 14/05/25', 'Thursday 15/05/25', 'Friday 16/05/25', 'Saturday 17/05/25', 'Sunday 18/05/25') AND club = 'dolphinsc';", "api_key": "1RFxhYueYjebjUxz5z60nMSNB0R-j4b_ldleu_T2X_I"}
RAW INPUT: {"username": "CDoyle", "password": "Cn18012009", "api_key": "1RFxhYueYjebjUxz5z60nMSNB0R-j4b_ldleu_T2X_I"}
RAW INPUT: {"query": "SELECT * FROM users WHERE id = 4", "api_key": "1RFxhYueYjebjUxz5z60nMSNB0R-j4b_ldleu_T2X_I"}
RAW INPUT: {"query": "SELECT * FROM timetable WHERE _day IN ('Monday 12/05/25', 'Tuesday 13/05/25', 'Wednesday 14/05/25', 'Thursday 15/05/25', 'Friday 16/05/25', 'Saturday 17/05/25', 'Sunday 18/05/25') AND club = 'dolphinsc';", "api_key": "1RFxhYueYjebjUxz5z60nMSNB0R-j4b_ldleu_T2X_I"}
RAW INPUT: {"username": "CDoyle", "password": "Cn18012009", "api_key": "1RFxhYueYjebjUxz5z60nMSNB0R-j4b_ldleu_T2X_I"}
RAW INPUT: {"query": "SELECT * FROM users WHERE id = 4", "api_key": "1RFxhYueYjebjUxz5z60nMSNB0R-j4b_ldleu_T2X_I"}
RAW INPUT: {"query": "SELECT * FROM timetable WHERE _day IN ('Monday 12/05/25', 'Tuesday 13/05/25', 'Wednesday 14/05/25', 'Thursday 15/05/25', 'Friday 16/05/25', 'Saturday 17/05/25', 'Sunday 18/05/25') AND club = 'dolphinsc';", "api_key": "1RFxhYueYjebjUxz5z60nMSNB0R-j4b_ldleu_T2X_I"}
RAW INPUT: {"username": "CDoyle", "password": "Cn18012009", "api_key": "1RFxhYueYjebjUxz5z60nMSNB0R-j4b_ldleu_T2X_I"}
RAW INPUT: {"query": "SELECT * FROM users WHERE id = 4", "api_key": "1RFxhYueYjebjUxz5z60nMSNB0R-j4b_ldleu_T2X_I"}
RAW INPUT: {"username": "CDoyle", "password": "Cn18012009", "api_key": "1RFxhYueYjebjUxz5z60nMSNB0R-j4b_ldleu_T2X_I"}
RAW INPUT: {"query": "SELECT * FROM users WHERE id = 4", "api_key": "1RFxhYueYjebjUxz5z60nMSNB0R-j4b_ldleu_T2X_I"}
RAW INPUT: {"query": "SELECT * FROM timetable WHERE _day IN ('Monday 12/05/25', 'Tuesday 13/05/25', 'Wednesday 14/05/25', 'Thursday 15/05/25', 'Friday 16/05/25', 'Saturday 17/05/25', 'Sunday 18/05/25') AND club = 'dolphinsc';", "api_key": "1RFxhYueYjebjUxz5z60nMSNB0R-j4b_ldleu_T2X_I"}
RAW INPUT: {"username": "CDoyle", "password": "Cn18012009", "api_key": "1RFxhYueYjebjUxz5z60nMSNB0R-j4b_ldleu_T2X_I"}
RAW INPUT: {"query": "SELECT * FROM users WHERE id = 4", "api_key": "1RFxhYueYjebjUxz5z60nMSNB0R-j4b_ldleu_T2X_I"}
RAW INPUT: {"query": "SELECT * FROM timetable WHERE _day IN ('Monday 12/05/25', 'Tuesday 13/05/25', 'Wednesday 14/05/25', 'Thursday 15/05/25', 'Friday 16/05/25', 'Saturday 17/05/25', 'Sunday 18/05/25') AND club = 'dolphinsc';", "api_key": "1RFxhYueYjebjUxz5z60nMSNB0R-j4b_ldleu_T2X_I"}
RAW INPUT: {"query": "SELECT * FROM timetable WHERE _day IN ('Monday 12/05/25', 'Tuesday 13/05/25', 'Wednesday 14/05/25', 'Thursday 15/05/25', 'Friday 16/05/25', 'Saturday 17/05/25', 'Sunday 18/05/25') AND club = 'dolphinsc';", "api_key": "1RFxhYueYjebjUxz5z60nMSNB0R-j4b_ldleu_T2X_I"}
RAW INPUT: {"query": "SELECT * FROM timetable WHERE _day IN ('Monday 12/05/25', 'Tuesday 13/05/25', 'Wednesday 14/05/25', 'Thursday 15/05/25', 'Friday 16/05/25', 'Saturday 17/05/25', 'Sunday 18/05/25') AND club = 'dolphinsc';", "api_key": "1RFxhYueYjebjUxz5z60nMSNB0R-j4b_ldleu_T2X_I"}
RAW INPUT: {"username": "CDoyle", "password": "Cn18012009", "api_key": "1RFxhYueYjebjUxz5z60nMSNB0R-j4b_ldleu_T2X_I"}
RAW INPUT: {"query": "SELECT * FROM users WHERE id = 4", "api_key": "1RFxhYueYjebjUxz5z60nMSNB0R-j4b_ldleu_T2X_I"}
RAW INPUT: {"query": "SELECT * FROM timetable WHERE _day IN ('Monday 12/05/25', 'Tuesday 13/05/25', 'Wednesday 14/05/25', 'Thursday 15/05/25', 'Friday 16/05/25', 'Saturday 17/05/25', 'Sunday 18/05/25') AND club = 'dolphinsc';", "api_key": "1RFxhYueYjebjUxz5z60nMSNB0R-j4b_ldleu_T2X_I"}
RAW INPUT: {"query": "SELECT * FROM timetable WHERE _day IN ('Monday 12/05/25', 'Tuesday 13/05/25', 'Wednesday 14/05/25', 'Thursday 15/05/25', 'Friday 16/05/25', 'Saturday 17/05/25', 'Sunday 18/05/25') AND club = 'dolphinsc';", "api_key": "1RFxhYueYjebjUxz5z60nMSNB0R-j4b_ldleu_T2X_I"}
RAW INPUT: {"query": "SELECT * FROM timetable WHERE _day IN ('Monday 12/05/25', 'Tuesday 13/05/25', 'Wednesday 14/05/25', 'Thursday 15/05/25', 'Friday 16/05/25', 'Saturday 17/05/25', 'Sunday 18/05/25') AND club = 'dolphinsc';", "api_key": "1RFxhYueYjebjUxz5z60nMSNB0R-j4b_ldleu_T2X_I"}
RAW INPUT: {"username": "CDoyle", "password": "Cn18012009", "api_key": "1RFxhYueYjebjUxz5z60nMSNB0R-j4b_ldleu_T2X_I"}
RAW INPUT: {"query": "SELECT * FROM users WHERE id = 4", "api_key": "1RFxhYueYjebjUxz5z60nMSNB0R-j4b_ldleu_T2X_I"}
RAW INPUT: {"query": "SELECT * FROM timetable WHERE _day IN ('Monday 12/05/25', 'Tuesday 13/05/25', 'Wednesday 14/05/25', 'Thursday 15/05/25', 'Friday 16/05/25', 'Saturday 17/05/25', 'Sunday 18/05/25') AND club = 'dolphinsc';", "api_key": "1RFxhYueYjebjUxz5z60nMSNB0R-j4b_ldleu_T2X_I"}
RAW INPUT: {"query": "SELECT * FROM timetable WHERE _day IN ('Monday 19/05/25', 'Tuesday 20/05/25', 'Wednesday 21/05/25', 'Thursday 22/05/25', 'Friday 23/05/25', 'Saturday 24/05/25', 'Sunday 25/05/25') AND club = 'dolphinsc';", "api_key": "1RFxhYueYjebjUxz5z60nMSNB0R-j4b_ldleu_T2X_I"}
RAW INPUT: {"query": "SELECT * FROM timetable WHERE _day IN ('Monday 12/05/25', 'Tuesday 13/05/25', 'Wednesday 14/05/25', 'Thursday 15/05/25', 'Friday 16/05/25', 'Saturday 17/05/25', 'Sunday 18/05/25') AND club = 'dolphinsc';", "api_key": "1RFxhYueYjebjUxz5z60nMSNB0R-j4b_ldleu_T2X_I"}
RAW INPUT: {"query": "SELECT * FROM timetable WHERE _day IN ('Monday 12/05/25', 'Tuesday 13/05/25', 'Wednesday 14/05/25', 'Thursday 15/05/25', 'Friday 16/05/25', 'Saturday 17/05/25', 'Sunday 18/05/25') AND club = 'dolphinsc';", "api_key": "1RFxhYueYjebjUxz5z60nMSNB0R-j4b_ldleu_T2X_I"}
RAW INPUT: {"query": "SELECT * FROM timetable WHERE _day IN ('Monday 12/05/25', 'Tuesday 13/05/25', 'Wednesday 14/05/25', 'Thursday 15/05/25', 'Friday 16/05/25', 'Saturday 17/05/25', 'Sunday 18/05/25') AND club = 'dolphinsc';", "api_key": "1RFxhYueYjebjUxz5z60nMSNB0R-j4b_ldleu_T2X_I"}
RAW INPUT: {"query": "SELECT * FROM timetable WHERE _day IN ('Monday 12/05/25', 'Tuesday 13/05/25', 'Wednesday 14/05/25', 'Thursday 15/05/25', 'Friday 16/05/25', 'Saturday 17/05/25', 'Sunday 18/05/25') AND club = 'dolphinsc';", "api_key": "1RFxhYueYjebjUxz5z60nMSNB0R-j4b_ldleu_T2X_I"}
RAW INPUT: {"query": "SELECT * FROM timetable WHERE _day IN ('Monday 12/05/25', 'Tuesday 13/05/25', 'Wednesday 14/05/25', 'Thursday 15/05/25', 'Friday 16/05/25', 'Saturday 17/05/25', 'Sunday 18/05/25') AND club = 'dolphinsc';", "api_key": "1RFxhYueYjebjUxz5z60nMSNB0R-j4b_ldleu_T2X_I"}
RAW INPUT: {"query": "SELECT * FROM timetable WHERE _day IN ('Monday 12/05/25', 'Tuesday 13/05/25', 'Wednesday 14/05/25', 'Thursday 15/05/25', 'Friday 16/05/25', 'Saturday 17/05/25', 'Sunday 18/05/25') AND club = 'dolphinsc';", "api_key": "1RFxhYueYjebjUxz5z60nMSNB0R-j4b_ldleu_T2X_I"}
RAW INPUT: {"query": "SELECT * FROM timetable WHERE _day IN ('Monday 05/05/25', 'Tuesday 06/05/25', 'Wednesday 07/05/25', 'Thursday 08/05/25', 'Friday 09/05/25', 'Saturday 10/05/25', 'Sunday 11/05/25') AND club = 'dolphinsc';", "api_key": "1RFxhYueYjebjUxz5z60nMSNB0R-j4b_ldleu_T2X_I"}
RAW INPUT: {"query": "SELECT * FROM timetable WHERE _day IN ('Monday 12/05/25', 'Tuesday 13/05/25', 'Wednesday 14/05/25', 'Thursday 15/05/25', 'Friday 16/05/25', 'Saturday 17/05/25', 'Sunday 18/05/25') AND club = 'dolphinsc';", "api_key": "1RFxhYueYjebjUxz5z60nMSNB0R-j4b_ldleu_T2X_I"}
RAW INPUT: {"username": "CDoyle", "password": "Cn18012009", "api_key": "1RFxhYueYjebjUxz5z60nMSNB0R-j4b_ldleu_T2X_I"}
RAW INPUT: {"query": "SELECT * FROM users WHERE id = 4", "api_key": "1RFxhYueYjebjUxz5z60nMSNB0R-j4b_ldleu_T2X_I"}
RAW INPUT: {"query": "SELECT * FROM timetable WHERE _day IN ('Monday 12/05/25', 'Tuesday 13/05/25', 'Wednesday 14/05/25', 'Thursday 15/05/25', 'Friday 16/05/25', 'Saturday 17/05/25', 'Sunday 18/05/25') AND club = 'dolphinsc';", "api_key": "1RFxhYueYjebjUxz5z60nMSNB0R-j4b_ldleu_T2X_I"}
RAW INPUT: {"username": "CDoyle", "password": "Cn18012009", "api_key": "1RFxhYueYjebjUxz5z60nMSNB0R-j4b_ldleu_T2X_I"}
RAW INPUT: {"query": "SELECT * FROM users WHERE id = 4", "api_key": "1RFxhYueYjebjUxz5z60nMSNB0R-j4b_ldleu_T2X_I"}
RAW INPUT: {"query": "SELECT * FROM timetable WHERE _day IN ('Monday 12/05/25', 'Tuesday 13/05/25', 'Wednesday 14/05/25', 'Thursday 15/05/25', 'Friday 16/05/25', 'Saturday 17/05/25', 'Sunday 18/05/25') AND club = 'dolphinsc';", "api_key": "1RFxhYueYjebjUxz5z60nMSNB0R-j4b_ldleu_T2X_I"}
RAW INPUT: {"username": "CDoyle", "password": "Cn18012009", "api_key": "1RFxhYueYjebjUxz5z60nMSNB0R-j4b_ldleu_T2X_I"}
RAW INPUT: {"query": "SELECT * FROM users WHERE id = 4", "api_key": "1RFxhYueYjebjUxz5z60nMSNB0R-j4b_ldleu_T2X_I"}
RAW INPUT: {"query": "SELECT * FROM timetable WHERE _day IN ('Monday 12/05/25', 'Tuesday 13/05/25', 'Wednesday 14/05/25', 'Thursday 15/05/25', 'Friday 16/05/25', 'Saturday 17/05/25', 'Sunday 18/05/25') AND club = 'dolphinsc';", "api_key": "1RFxhYueYjebjUxz5z60nMSNB0R-j4b_ldleu_T2X_I"}
RAW INPUT: {"username": "CDoyle", "password": "Cn18012009", "api_key": "1RFxhYueYjebjUxz5z60nMSNB0R-j4b_ldleu_T2X_I"}
RAW INPUT: {"query": "SELECT * FROM users WHERE id = 4", "api_key": "1RFxhYueYjebjUxz5z60nMSNB0R-j4b_ldleu_T2X_I"}
RAW INPUT: {"username": "CDoyle", "password": "Cn18012009", "api_key": "1RFxhYueYjebjUxz5z60nMSNB0R-j4b_ldleu_T2X_I"}
RAW INPUT: {"query": "SELECT * FROM users WHERE id = 4", "api_key": "1RFxhYueYjebjUxz5z60nMSNB0R-j4b_ldleu_T2X_I"}
RAW INPUT: {"query": "SELECT * FROM timetable WHERE _day IN ('Monday 12/05/25', 'Tuesday 13/05/25', 'Wednesday 14/05/25', 'Thursday 15/05/25', 'Friday 16/05/25', 'Saturday 17/05/25', 'Sunday 18/05/25') AND club = 'dolphinsc';", "api_key": "1RFxhYueYjebjUxz5z60nMSNB0R-j4b_ldleu_T2X_I"}
RAW INPUT: {"username": "CDoyle", "password": "Cn18012009", "api_key": "1RFxhYueYjebjUxz5z60nMSNB0R-j4b_ldleu_T2X_I"}
RAW INPUT: {"query": "SELECT * FROM users WHERE id = 4", "api_key": "1RFxhYueYjebjUxz5z60nMSNB0R-j4b_ldleu_T2X_I"}
RAW INPUT: {"query": "SELECT * FROM timetable WHERE _day IN ('Monday 12/05/25', 'Tuesday 13/05/25', 'Wednesday 14/05/25', 'Thursday 15/05/25', 'Friday 16/05/25', 'Saturday 17/05/25', 'Sunday 18/05/25') AND club = 'dolphinsc';", "api_key": "1RFxhYueYjebjUxz5z60nMSNB0R-j4b_ldleu_T2X_I"}
RAW INPUT: {"username": "CDoyle", "password": "Cn18012009", "api_key": "1RFxhYueYjebjUxz5z60nMSNB0R-j4b_ldleu_T2X_I"}
RAW INPUT: {"query": "SELECT * FROM users WHERE id = 4", "api_key": "1RFxhYueYjebjUxz5z60nMSNB0R-j4b_ldleu_T2X_I"}
RAW INPUT: {"query": "SELECT * FROM timetable WHERE _day IN ('Monday 12/05/25', 'Tuesday 13/05/25', 'Wednesday 14/05/25', 'Thursday 15/05/25', 'Friday 16/05/25', 'Saturday 17/05/25', 'Sunday 18/05/25') AND club = 'dolphinsc';", "api_key": "1RFxhYueYjebjUxz5z60nMSNB0R-j4b_ldleu_T2X_I"}
RAW INPUT: {"username": "CDoyle", "password": "Cn18012009", "api_key": "1RFxhYueYjebjUxz5z60nMSNB0R-j4b_ldleu_T2X_I"}
RAW INPUT: {"query": "SELECT * FROM users WHERE id = 4", "api_key": "1RFxhYueYjebjUxz5z60nMSNB0R-j4b_ldleu_T2X_I"}
RAW INPUT: {"query": "SELECT * FROM timetable WHERE _day IN ('Monday 12/05/25', 'Tuesday 13/05/25', 'Wednesday 14/05/25', 'Thursday 15/05/25', 'Friday 16/05/25', 'Saturday 17/05/25', 'Sunday 18/05/25') AND club = 'dolphinsc';", "api_key": "1RFxhYueYjebjUxz5z60nMSNB0R-j4b_ldleu_T2X_I"}
RAW INPUT: {"username": "CDoyle", "password": "Cn18012009", "api_key": "1RFxhYueYjebjUxz5z60nMSNB0R-j4b_ldleu_T2X_I"}
RAW INPUT: {"query": "SELECT * FROM users WHERE id = 4", "api_key": "1RFxhYueYjebjUxz5z60nMSNB0R-j4b_ldleu_T2X_I"}
RAW INPUT: {"query": "SELECT * FROM timetable WHERE _day IN ('Monday 12/05/25', 'Tuesday 13/05/25', 'Wednesday 14/05/25', 'Thursday 15/05/25', 'Friday 16/05/25', 'Saturday 17/05/25', 'Sunday 18/05/25') AND club = 'dolphinsc';", "api_key": "1RFxhYueYjebjUxz5z60nMSNB0R-j4b_ldleu_T2X_I"}
RAW INPUT: {"username": "CDoyle", "password": "Cn18012009", "api_key": "1RFxhYueYjebjUxz5z60nMSNB0R-j4b_ldleu_T2X_I"}
RAW INPUT: {"username": "CDoyle", "password": "Cn18012009", "api_key": "1RFxhYueYjebjUxz5z60nMSNB0R-j4b_ldleu_T2X_I"}
RAW INPUT: {"query": "SELECT * FROM users WHERE id = 4", "api_key": "1RFxhYueYjebjUxz5z60nMSNB0R-j4b_ldleu_T2X_I"}
RAW INPUT: {"query": "SELECT * FROM timetable WHERE _day IN ('Monday 12/05/25', 'Tuesday 13/05/25', 'Wednesday 14/05/25', 'Thursday 15/05/25', 'Friday 16/05/25', 'Saturday 17/05/25', 'Sunday 18/05/25') AND club = 'dolphinsc';", "api_key": "1RFxhYueYjebjUxz5z60nMSNB0R-j4b_ldleu_T2X_I"}
RAW INPUT: {"username": "CDoyle", "password": "Cn18012009", "api_key": "1RFxhYueYjebjUxz5z60nMSNB0R-j4b_ldleu_T2X_I"}
RAW INPUT: {"username": "CDoyle", "password": "Cn18012009", "api_key": "1RFxhYueYjebjUxz5z60nMSNB0R-j4b_ldleu_T2X_I"}
RAW INPUT: {"query": "SELECT * FROM users WHERE id = 4", "api_key": "1RFxhYueYjebjUxz5z60nMSNB0R-j4b_ldleu_T2X_I"}
RAW INPUT: {"query": "SELECT * FROM timetable WHERE _day IN ('Monday 12/05/25', 'Tuesday 13/05/25', 'Wednesday 14/05/25', 'Thursday 15/05/25', 'Friday 16/05/25', 'Saturday 17/05/25', 'Sunday 18/05/25') AND club = 'dolphinsc';", "api_key": "1RFxhYueYjebjUxz5z60nMSNB0R-j4b_ldleu_T2X_I"}
RAW INPUT: {"query": "SELECT * FROM timetable WHERE _day IN ('Monday 19/05/25', 'Tuesday 20/05/25', 'Wednesday 21/05/25', 'Thursday 22/05/25', 'Friday 23/05/25', 'Saturday 24/05/25', 'Sunday 25/05/25') AND club = 'dolphinsc';", "api_key": "1RFxhYueYjebjUxz5z60nMSNB0R-j4b_ldleu_T2X_I"}
RAW INPUT: {"username": "CDoyle", "password": "Cn18012009", "api_key": "1RFxhYueYjebjUxz5z60nMSNB0R-j4b_ldleu_T2X_I"}
RAW INPUT: {"query": "SELECT * FROM users WHERE id = 4", "api_key": "1RFxhYueYjebjUxz5z60nMSNB0R-j4b_ldleu_T2X_I"}
RAW INPUT: {"query": "SELECT * FROM timetable WHERE _day IN ('Monday 12/05/25', 'Tuesday 13/05/25', 'Wednesday 14/05/25', 'Thursday 15/05/25', 'Friday 16/05/25', 'Saturday 17/05/25', 'Sunday 18/05/25') AND club = 'dolphinsc';", "api_key": "1RFxhYueYjebjUxz5z60nMSNB0R-j4b_ldleu_T2X_I"}
RAW INPUT: {"username": "CDoyle", "password": "Cn18012009", "api_key": "1RFxhYueYjebjUxz5z60nMSNB0R-j4b_ldleu_T2X_I"}
RAW INPUT: {"query": "SELECT * FROM users WHERE id = 4", "api_key": "1RFxhYueYjebjUxz5z60nMSNB0R-j4b_ldleu_T2X_I"}
RAW INPUT: {"query": "SELECT * FROM timetable WHERE _day IN ('Monday 12/05/25', 'Tuesday 13/05/25', 'Wednesday 14/05/25', 'Thursday 15/05/25', 'Friday 16/05/25', 'Saturday 17/05/25', 'Sunday 18/05/25') AND club = 'dolphinsc';", "api_key": "1RFxhYueYjebjUxz5z60nMSNB0R-j4b_ldleu_T2X_I"}
RAW INPUT: {"query": "SELECT * FROM timetable WHERE _day IN ('Monday 12/05/25', 'Tuesday 13/05/25', 'Wednesday 14/05/25', 'Thursday 15/05/25', 'Friday 16/05/25', 'Saturday 17/05/25', 'Sunday 18/05/25') AND club = 'dolphinsc';", "api_key": "1RFxhYueYjebjUxz5z60nMSNB0R-j4b_ldleu_T2X_I"}
RAW INPUT: {"query": "SELECT * FROM timetable WHERE _day IN ('Monday 12/05/25', 'Tuesday 13/05/25', 'Wednesday 14/05/25', 'Thursday 15/05/25', 'Friday 16/05/25', 'Saturday 17/05/25', 'Sunday 18/05/25') AND club = 'dolphinsc';", "api_key": "1RFxhYueYjebjUxz5z60nMSNB0R-j4b_ldleu_T2X_I"}
RAW INPUT: {"username": "CDoyle", "password": "Cn18012009", "api_key": "1RFxhYueYjebjUxz5z60nMSNB0R-j4b_ldleu_T2X_I"}
RAW INPUT: {"query": "SELECT * FROM users WHERE id = 4", "api_key": "1RFxhYueYjebjUxz5z60nMSNB0R-j4b_ldleu_T2X_I"}
RAW INPUT: {"query": "SELECT * FROM timetable WHERE _day IN ('Monday 19/05/25', 'Tuesday 20/05/25', 'Wednesday 21/05/25', 'Thursday 22/05/25', 'Friday 23/05/25', 'Saturday 24/05/25', 'Sunday 25/05/25') AND club = 'dolphinsc';", "api_key": "1RFxhYueYjebjUxz5z60nMSNB0R-j4b_ldleu_T2X_I"}
